{"numFailedTestSuites":4,"numFailedTests":10,"numPassedTestSuites":20,"numPassedTests":399,"numPendingTestSuites":0,"numPendingTests":0,"numRuntimeErrorTestSuites":1,"numTodoTests":0,"numTotalTestSuites":24,"numTotalTests":409,"openHandles":[],"snapshot":{"added":0,"didUpdate":false,"failure":false,"filesAdded":0,"filesRemoved":0,"filesRemovedList":[],"filesUnmatched":0,"filesUpdated":0,"matched":0,"total":0,"unchecked":0,"uncheckedKeysByFile":[],"unmatched":0,"updated":0},"startTime":1780141808016,"success":false,"testResults":[{"assertionResults":[{"ancestorTitles":[],"failureMessages":[],"fullName":"hasWeatherRestrictions false when all defaults","location":null,"status":"passed","title":"hasWeatherRestrictions false when all defaults"},{"ancestorTitles":[],"failureMessages":[],"fullName":"hasWeatherRestrictions true when precip set","location":null,"status":"passed","title":"hasWeatherRestrictions true when precip set"},{"ancestorTitles":[],"failureMessages":[],"fullName":"checkWeatherMatch returns neutral when no forecast","location":null,"status":"passed","title":"checkWeatherMatch returns neutral when no forecast"},{"ancestorTitles":[],"failureMessages":[],"fullName":"dry_only fails on rainy day","location":null,"status":"passed","title":"dry_only fails on rainy day"},{"ancestorTitles":[],"failureMessages":[],"fullName":"dry_only passes on sunny day","location":null,"status":"passed","title":"dry_only passes on sunny day"},{"ancestorTitles":[],"failureMessages":[],"fullName":"temp_min fails when low below min","location":null,"status":"passed","title":"temp_min fails when low below min"},{"ancestorTitles":[],"failureMessages":[],"fullName":"temp_max fails when high above max","location":null,"status":"passed","title":"temp_max fails when high above max"},{"ancestorTitles":[],"failureMessages":[],"fullName":"all defaults returns ok true","location":null,"status":"passed","title":"all defaults returns ok true"}],"endTime":1780141812393,"message":"","name":"/Users/david/Offline Coding/Raike & Sons /DEV/juggler/juggler-frontend/src/utils/__tests__/weatherMatch.test.js","startTime":1780141809844,"status":"passed","summary":""},{"assertionResults":[{"ancestorTitles":["startImpersonation"],"failureMessages":[],"fullName":"startImpersonation backs up admin tokens and switches to impersonation token","location":null,"status":"passed","title":"backs up admin tokens and switches to impersonation token"},{"ancestorTitles":["startImpersonation"],"failureMessages":[],"fullName":"startImpersonation throws on non-ok response","location":null,"status":"passed","title":"throws on non-ok response"},{"ancestorTitles":["stopImpersonation"],"failureMessages":[],"fullName":"stopImpersonation restores admin tokens from backup","location":null,"status":"passed","title":"restores admin tokens from backup"},{"ancestorTitles":["stopImpersonation"],"failureMessages":[],"fullName":"stopImpersonation restores tokens even if audit call fails","location":null,"status":"passed","title":"restores tokens even if audit call fails"},{"ancestorTitles":["getStoredImpersonation"],"failureMessages":[],"fullName":"getStoredImpersonation returns null when not impersonating","location":null,"status":"passed","title":"returns null when not impersonating"},{"ancestorTitles":["getStoredImpersonation"],"failureMessages":[],"fullName":"getStoredImpersonation returns stored impersonation data","location":null,"status":"passed","title":"returns stored impersonation data"},{"ancestorTitles":["isImpersonating"],"failureMessages":[],"fullName":"isImpersonating returns false when not impersonating","location":null,"status":"passed","title":"returns false when not impersonating"},{"ancestorTitles":["isImpersonating"],"failureMessages":[],"fullName":"isImpersonating returns true when impersonation data is stored","location":null,"status":"passed","title":"returns true when impersonation data is stored"},{"ancestorTitles":["getImpersonationTargets"],"failureMessages":[],"fullName":"getImpersonationTargets fetches targets with Bearer token","location":null,"status":"passed","title":"fetches targets with Bearer token"},{"ancestorTitles":["getImpersonationTargets"],"failureMessages":[],"fullName":"getImpersonationTargets throws when response is not ok","location":null,"status":"passed","title":"throws when response is not ok"},{"ancestorTitles":["getImpersonationLog"],"failureMessages":[],"fullName":"getImpersonationLog fetches log entries with filters","location":null,"status":"passed","title":"fetches log entries with filters"}],"endTime":1780141812695,"message":"","name":"/Users/david/Offline Coding/Raike & Sons /DEV/juggler/juggler-frontend/src/services/__tests__/impersonationService.test.js","startTime":1780141809859,"status":"passed","summary":""},{"assertionResults":[{"ancestorTitles":[],"failureMessages":[],"fullName":"fetches weather on mount","location":null,"status":"passed","title":"fetches weather on mount"},{"ancestorTitles":[],"failureMessages":[],"fullName":"re-fetches after 55-minute interval","location":null,"status":"passed","title":"re-fetches after 55-minute interval"},{"ancestorTitles":[],"failureMessages":[],"fullName":"re-fetches on visibilitychange when tab was hidden > 55 min","location":null,"status":"passed","title":"re-fetches on visibilitychange when tab was hidden > 55 min"},{"ancestorTitles":[],"failureMessages":[],"fullName":"does NOT re-fetch on visibilitychange when tab was hidden < 55 min","location":null,"status":"passed","title":"does NOT re-fetch on visibilitychange when tab was hidden < 55 min"},{"ancestorTitles":[],"failureMessages":[],"fullName":"interval does NOT fire when tab is hidden","location":null,"status":"passed","title":"interval does NOT fire when tab is hidden"}],"endTime":1780141813494,"message":"","name":"/Users/david/Offline Coding/Raike & Sons /DEV/juggler/juggler-frontend/src/hooks/__tests__/useWeather.test.js","startTime":1780141809789,"status":"passed","summary":""},{"assertionResults":[],"coverage":{},"endTime":1780141819317,"message":"  ● Test suite failed to run\n\n    Cannot find module 'vitest' from 'src/components/views/__tests__/allDayBannerMultiday.test.jsx'\n\n       9 | import { render, screen } from '@testing-library/react';\n      10 | import AllDayBanner from '../AllDayBanner';\n    > 11 | import { vi } from 'vitest';\n         | ^\n      12 |\n      13 | // Mock theme/colors\n      14 | vi.mock('../../../theme/colors', () => ({\n\n      at Resolver.resolveModule (node_modules/jest-resolve/build/resolver.js:324:11)\n      at Object.<anonymous> (src/components/views/__tests__/allDayBannerMultiday.test.jsx:11:1)\n","name":"/Users/david/Offline Coding/Raike & Sons /DEV/juggler/juggler-frontend/src/components/views/__tests__/allDayBannerMultiday.test.jsx","startTime":1780141819317,"status":"failed","summary":""},{"assertionResults":[{"ancestorTitles":[],"failureMessages":["TestingLibraryElementError: Unable to find an element with the text: All-day meditation. This could be because the text is broken up by multiple elements. In this case, you can provide a function for your text matcher to make your matcher more flexible.\n\nIgnored nodes: comments, script, style\n\u001b[36m<body>\u001b[39m\n  \u001b[36m<div>\u001b[39m\n    \u001b[36m<div\u001b[39m\n      \u001b[33mdata-testid\u001b[39m=\u001b[32m\"all-day-banner\"\u001b[39m\n      \u001b[33mstyle\u001b[39m=\u001b[32m\"padding: 4px 12px; border-bottom: 1px solid #E8E0D0; flex-shrink: 0;\"\u001b[39m\n    \u001b[36m>\u001b[39m\n      \u001b[36m<div\u001b[39m\n        \u001b[33mstyle\u001b[39m=\u001b[32m\"font-size: 10px; font-weight: 600; color: rgb(92, 90, 85); margin-bottom: 2px; text-transform: uppercase; letter-spacing: 0.5px;\"\u001b[39m\n      \u001b[36m>\u001b[39m\n        \u001b[0mAll Day\u001b[0m\n      \u001b[36m</div>\u001b[39m\n      \u001b[36m<div\u001b[39m\n        \u001b[33mstyle\u001b[39m=\u001b[32m\"display: flex; flex-wrap: wrap; gap: 4px;\"\u001b[39m\n      \u001b[36m>\u001b[39m\n        \u001b[36m<div\u001b[39m\n          \u001b[33mdata-testid\u001b[39m=\u001b[32m\"all-day-chip\"\u001b[39m\n          \u001b[33mstyle\u001b[39m=\u001b[32m\"padding: 3px 8px; border-radius: 6px; cursor: pointer; font-size: 12px; background: rgb(219, 234, 254); color: rgb(30, 64, 175); border: 1px solid #1e40af40; opacity: 1; text-decoration: none;\"\u001b[39m\n        \u001b[36m>\u001b[39m\n          \u001b[0mHospital appt\u001b[0m\n        \u001b[36m</div>\u001b[39m\n      \u001b[36m</div>\u001b[39m\n    \u001b[36m</div>\u001b[39m\n  \u001b[36m</div>\u001b[39m\n\u001b[36m</body>\u001b[39m\n    at Object.getElementError (/Users/david/Offline Coding/Raike & Sons /DEV/juggler/juggler-frontend/node_modules/@testing-library/dom/dist/config.js:37:19)\n    at /Users/david/Offline Coding/Raike & Sons /DEV/juggler/juggler-frontend/node_modules/@testing-library/dom/dist/query-helpers.js:76:38\n    at /Users/david/Offline Coding/Raike & Sons /DEV/juggler/juggler-frontend/node_modules/@testing-library/dom/dist/query-helpers.js:52:17\n    at getByText (/Users/david/Offline Coding/Raike & Sons /DEV/juggler/juggler-frontend/node_modules/@testing-library/dom/dist/query-helpers.js:95:19)\n    at Object.<anonymous> (/Users/david/Offline Coding/Raike & Sons /DEV/juggler/juggler-frontend/src/components/views/__tests__/allDayBanner.test.jsx:24:17)\n    at Promise.then.completed (/Users/david/Offline Coding/Raike & Sons /DEV/juggler/juggler-frontend/node_modules/jest-circus/build/utils.js:391:28)\n    at new Promise (<anonymous>)\n    at callAsyncCircusFn (/Users/david/Offline Coding/Raike & Sons /DEV/juggler/juggler-frontend/node_modules/jest-circus/build/utils.js:316:10)\n    at _callCircusTest (/Users/david/Offline Coding/Raike & Sons /DEV/juggler/juggler-frontend/node_modules/jest-circus/build/run.js:218:40)\n    at processTicksAndRejections (node:internal/process/task_queues:105:5)\n    at _runTest (/Users/david/Offline Coding/Raike & Sons /DEV/juggler/juggler-frontend/node_modules/jest-circus/build/run.js:155:3)\n    at _runTestsForDescribeBlock (/Users/david/Offline Coding/Raike & Sons /DEV/juggler/juggler-frontend/node_modules/jest-circus/build/run.js:66:9)\n    at run (/Users/david/Offline Coding/Raike & Sons /DEV/juggler/juggler-frontend/node_modules/jest-circus/build/run.js:25:3)\n    at runAndTransformResultsToJestFormat (/Users/david/Offline Coding/Raike & Sons /DEV/juggler/juggler-frontend/node_modules/jest-circus/build/legacy-code-todo-rewrite/jestAdapterInit.js:170:21)\n    at jestAdapter (/Users/david/Offline Coding/Raike & Sons /DEV/juggler/juggler-frontend/node_modules/jest-circus/build/legacy-code-todo-rewrite/jestAdapter.js:82:19)\n    at runTestInternal (/Users/david/Offline Coding/Raike & Sons /DEV/juggler/juggler-frontend/node_modules/jest-runner/build/runTest.js:389:16)\n    at runTest (/Users/david/Offline Coding/Raike & Sons /DEV/juggler/juggler-frontend/node_modules/jest-runner/build/runTest.js:475:34)\n    at Object.worker (/Users/david/Offline Coding/Raike & Sons /DEV/juggler/juggler-frontend/node_modules/jest-runner/build/testWorker.js:133:12)"],"fullName":"renders only all-day tasks for the given dateKey","location":null,"status":"failed","title":"renders only all-day tasks for the given dateKey"},{"ancestorTitles":[],"failureMessages":[],"fullName":"returns null when no all-day items for dateKey","location":null,"status":"passed","title":"returns null when no all-day items for dateKey"},{"ancestorTitles":[],"failureMessages":["TestingLibraryElementError: Unable to find an element with the text: All-day meditation. This could be because the text is broken up by multiple elements. In this case, you can provide a function for your text matcher to make your matcher more flexible.\n\nIgnored nodes: comments, script, style\n\u001b[36m<body>\u001b[39m\n  \u001b[36m<div />\u001b[39m\n\u001b[36m</body>\u001b[39m\n    at Object.getElementError (/Users/david/Offline Coding/Raike & Sons /DEV/juggler/juggler-frontend/node_modules/@testing-library/dom/dist/config.js:37:19)\n    at /Users/david/Offline Coding/Raike & Sons /DEV/juggler/juggler-frontend/node_modules/@testing-library/dom/dist/query-helpers.js:76:38\n    at /Users/david/Offline Coding/Raike & Sons /DEV/juggler/juggler-frontend/node_modules/@testing-library/dom/dist/query-helpers.js:52:17\n    at getByText (/Users/david/Offline Coding/Raike & Sons /DEV/juggler/juggler-frontend/node_modules/@testing-library/dom/dist/query-helpers.js:95:19)\n    at Object.<anonymous> (/Users/david/Offline Coding/Raike & Sons /DEV/juggler/juggler-frontend/src/components/views/__tests__/allDayBanner.test.jsx:53:21)\n    at Promise.then.completed (/Users/david/Offline Coding/Raike & Sons /DEV/juggler/juggler-frontend/node_modules/jest-circus/build/utils.js:391:28)\n    at new Promise (<anonymous>)\n    at callAsyncCircusFn (/Users/david/Offline Coding/Raike & Sons /DEV/juggler/juggler-frontend/node_modules/jest-circus/build/utils.js:316:10)\n    at _callCircusTest (/Users/david/Offline Coding/Raike & Sons /DEV/juggler/juggler-frontend/node_modules/jest-circus/build/run.js:218:40)\n    at processTicksAndRejections (node:internal/process/task_queues:105:5)\n    at _runTest (/Users/david/Offline Coding/Raike & Sons /DEV/juggler/juggler-frontend/node_modules/jest-circus/build/run.js:155:3)\n    at _runTestsForDescribeBlock (/Users/david/Offline Coding/Raike & Sons /DEV/juggler/juggler-frontend/node_modules/jest-circus/build/run.js:66:9)\n    at run (/Users/david/Offline Coding/Raike & Sons /DEV/juggler/juggler-frontend/node_modules/jest-circus/build/run.js:25:3)\n    at runAndTransformResultsToJestFormat (/Users/david/Offline Coding/Raike & Sons /DEV/juggler/juggler-frontend/node_modules/jest-circus/build/legacy-code-todo-rewrite/jestAdapterInit.js:170:21)\n    at jestAdapter (/Users/david/Offline Coding/Raike & Sons /DEV/juggler/juggler-frontend/node_modules/jest-circus/build/legacy-code-todo-rewrite/jestAdapter.js:82:19)\n    at runTestInternal (/Users/david/Offline Coding/Raike & Sons /DEV/juggler/juggler-frontend/node_modules/jest-runner/build/runTest.js:389:16)\n    at runTest (/Users/david/Offline Coding/Raike & Sons /DEV/juggler/juggler-frontend/node_modules/jest-runner/build/runTest.js:475:34)\n    at Object.worker (/Users/david/Offline Coding/Raike & Sons /DEV/juggler/juggler-frontend/node_modules/jest-runner/build/testWorker.js:133:12)"],"fullName":"shows done glyph and line-through for done status","location":null,"status":"failed","title":"shows done glyph and line-through for done status"},{"ancestorTitles":[],"failureMessages":["TestingLibraryElementError: Unable to find an element with the text: ⏭. This could be because the text is broken up by multiple elements. In this case, you can provide a function for your text matcher to make your matcher more flexible.\n\nIgnored nodes: comments, script, style\n\u001b[36m<body>\u001b[39m\n  \u001b[36m<div />\u001b[39m\n\u001b[36m</body>\u001b[39m\n    at Object.getElementError (/Users/david/Offline Coding/Raike & Sons /DEV/juggler/juggler-frontend/node_modules/@testing-library/dom/dist/config.js:37:19)\n    at /Users/david/Offline Coding/Raike & Sons /DEV/juggler/juggler-frontend/node_modules/@testing-library/dom/dist/query-helpers.js:76:38\n    at /Users/david/Offline Coding/Raike & Sons /DEV/juggler/juggler-frontend/node_modules/@testing-library/dom/dist/query-helpers.js:52:17\n    at getByText (/Users/david/Offline Coding/Raike & Sons /DEV/juggler/juggler-frontend/node_modules/@testing-library/dom/dist/query-helpers.js:95:19)\n    at Object.<anonymous> (/Users/david/Offline Coding/Raike & Sons /DEV/juggler/juggler-frontend/src/components/views/__tests__/allDayBanner.test.jsx:69:17)\n    at Promise.then.completed (/Users/david/Offline Coding/Raike & Sons /DEV/juggler/juggler-frontend/node_modules/jest-circus/build/utils.js:391:28)\n    at new Promise (<anonymous>)\n    at callAsyncCircusFn (/Users/david/Offline Coding/Raike & Sons /DEV/juggler/juggler-frontend/node_modules/jest-circus/build/utils.js:316:10)\n    at _callCircusTest (/Users/david/Offline Coding/Raike & Sons /DEV/juggler/juggler-frontend/node_modules/jest-circus/build/run.js:218:40)\n    at processTicksAndRejections (node:internal/process/task_queues:105:5)\n    at _runTest (/Users/david/Offline Coding/Raike & Sons /DEV/juggler/juggler-frontend/node_modules/jest-circus/build/run.js:155:3)\n    at _runTestsForDescribeBlock (/Users/david/Offline Coding/Raike & Sons /DEV/juggler/juggler-frontend/node_modules/jest-circus/build/run.js:66:9)\n    at run (/Users/david/Offline Coding/Raike & Sons /DEV/juggler/juggler-frontend/node_modules/jest-circus/build/run.js:25:3)\n    at runAndTransformResultsToJestFormat (/Users/david/Offline Coding/Raike & Sons /DEV/juggler/juggler-frontend/node_modules/jest-circus/build/legacy-code-todo-rewrite/jestAdapterInit.js:170:21)\n    at jestAdapter (/Users/david/Offline Coding/Raike & Sons /DEV/juggler/juggler-frontend/node_modules/jest-circus/build/legacy-code-todo-rewrite/jestAdapter.js:82:19)\n    at runTestInternal (/Users/david/Offline Coding/Raike & Sons /DEV/juggler/juggler-frontend/node_modules/jest-runner/build/runTest.js:389:16)\n    at runTest (/Users/david/Offline Coding/Raike & Sons /DEV/juggler/juggler-frontend/node_modules/jest-runner/build/runTest.js:475:34)\n    at Object.worker (/Users/david/Offline Coding/Raike & Sons /DEV/juggler/juggler-frontend/node_modules/jest-runner/build/testWorker.js:133:12)"],"fullName":"shows skip glyph for skip status","location":null,"status":"failed","title":"shows skip glyph for skip status"},{"ancestorTitles":[],"failureMessages":["TestingLibraryElementError: Unable to find an element with the text: All-day meditation. This could be because the text is broken up by multiple elements. In this case, you can provide a function for your text matcher to make your matcher more flexible.\n\nIgnored nodes: comments, script, style\n\u001b[36m<body>\u001b[39m\n  \u001b[36m<div />\u001b[39m\n\u001b[36m</body>\u001b[39m\n    at Object.getElementError (/Users/david/Offline Coding/Raike & Sons /DEV/juggler/juggler-frontend/node_modules/@testing-library/dom/dist/config.js:37:19)\n    at /Users/david/Offline Coding/Raike & Sons /DEV/juggler/juggler-frontend/node_modules/@testing-library/dom/dist/query-helpers.js:76:38\n    at /Users/david/Offline Coding/Raike & Sons /DEV/juggler/juggler-frontend/node_modules/@testing-library/dom/dist/query-helpers.js:52:17\n    at getByText (/Users/david/Offline Coding/Raike & Sons /DEV/juggler/juggler-frontend/node_modules/@testing-library/dom/dist/query-helpers.js:95:19)\n    at Object.<anonymous> (/Users/david/Offline Coding/Raike & Sons /DEV/juggler/juggler-frontend/src/components/views/__tests__/allDayBanner.test.jsx:83:21)\n    at Promise.then.completed (/Users/david/Offline Coding/Raike & Sons /DEV/juggler/juggler-frontend/node_modules/jest-circus/build/utils.js:391:28)\n    at new Promise (<anonymous>)\n    at callAsyncCircusFn (/Users/david/Offline Coding/Raike & Sons /DEV/juggler/juggler-frontend/node_modules/jest-circus/build/utils.js:316:10)\n    at _callCircusTest (/Users/david/Offline Coding/Raike & Sons /DEV/juggler/juggler-frontend/node_modules/jest-circus/build/run.js:218:40)\n    at processTicksAndRejections (node:internal/process/task_queues:105:5)\n    at _runTest (/Users/david/Offline Coding/Raike & Sons /DEV/juggler/juggler-frontend/node_modules/jest-circus/build/run.js:155:3)\n    at _runTestsForDescribeBlock (/Users/david/Offline Coding/Raike & Sons /DEV/juggler/juggler-frontend/node_modules/jest-circus/build/run.js:66:9)\n    at run (/Users/david/Offline Coding/Raike & Sons /DEV/juggler/juggler-frontend/node_modules/jest-circus/build/run.js:25:3)\n    at runAndTransformResultsToJestFormat (/Users/david/Offline Coding/Raike & Sons /DEV/juggler/juggler-frontend/node_modules/jest-circus/build/legacy-code-todo-rewrite/jestAdapterInit.js:170:21)\n    at jestAdapter (/Users/david/Offline Coding/Raike & Sons /DEV/juggler/juggler-frontend/node_modules/jest-circus/build/legacy-code-todo-rewrite/jestAdapter.js:82:19)\n    at runTestInternal (/Users/david/Offline Coding/Raike & Sons /DEV/juggler/juggler-frontend/node_modules/jest-runner/build/runTest.js:389:16)\n    at runTest (/Users/david/Offline Coding/Raike & Sons /DEV/juggler/juggler-frontend/node_modules/jest-runner/build/runTest.js:475:34)\n    at Object.worker (/Users/david/Offline Coding/Raike & Sons /DEV/juggler/juggler-frontend/node_modules/jest-runner/build/testWorker.js:133:12)"],"fullName":"applies reduced opacity on past day done items when isPastDay=true","location":null,"status":"failed","title":"applies reduced opacity on past day done items when isPastDay=true"},{"ancestorTitles":[],"failureMessages":[],"fullName":"banner container has data-testid=all-day-banner","location":null,"status":"passed","title":"banner container has data-testid=all-day-banner"},{"ancestorTitles":[],"failureMessages":["TestingLibraryElementError: Unable to find an element by: [data-testid=\"all-day-chip\"]\n\nIgnored nodes: comments, script, style\n\u001b[36m<body>\u001b[39m\n  \u001b[36m<div />\u001b[39m\n\u001b[36m</body>\u001b[39m\n    at Object.getElementError (/Users/david/Offline Coding/Raike & Sons /DEV/juggler/juggler-frontend/node_modules/@testing-library/dom/dist/config.js:37:19)\n    at /Users/david/Offline Coding/Raike & Sons /DEV/juggler/juggler-frontend/node_modules/@testing-library/dom/dist/query-helpers.js:76:38\n    at getAllByTestId (/Users/david/Offline Coding/Raike & Sons /DEV/juggler/juggler-frontend/node_modules/@testing-library/dom/dist/query-helpers.js:109:15)\n    at Object.<anonymous> (/Users/david/Offline Coding/Raike & Sons /DEV/juggler/juggler-frontend/src/components/views/__tests__/allDayBanner.test.jsx:115:22)\n    at Promise.then.completed (/Users/david/Offline Coding/Raike & Sons /DEV/juggler/juggler-frontend/node_modules/jest-circus/build/utils.js:391:28)\n    at new Promise (<anonymous>)\n    at callAsyncCircusFn (/Users/david/Offline Coding/Raike & Sons /DEV/juggler/juggler-frontend/node_modules/jest-circus/build/utils.js:316:10)\n    at _callCircusTest (/Users/david/Offline Coding/Raike & Sons /DEV/juggler/juggler-frontend/node_modules/jest-circus/build/run.js:218:40)\n    at processTicksAndRejections (node:internal/process/task_queues:105:5)\n    at _runTest (/Users/david/Offline Coding/Raike & Sons /DEV/juggler/juggler-frontend/node_modules/jest-circus/build/run.js:155:3)\n    at _runTestsForDescribeBlock (/Users/david/Offline Coding/Raike & Sons /DEV/juggler/juggler-frontend/node_modules/jest-circus/build/run.js:66:9)\n    at run (/Users/david/Offline Coding/Raike & Sons /DEV/juggler/juggler-frontend/node_modules/jest-circus/build/run.js:25:3)\n    at runAndTransformResultsToJestFormat (/Users/david/Offline Coding/Raike & Sons /DEV/juggler/juggler-frontend/node_modules/jest-circus/build/legacy-code-todo-rewrite/jestAdapterInit.js:170:21)\n    at jestAdapter (/Users/david/Offline Coding/Raike & Sons /DEV/juggler/juggler-frontend/node_modules/jest-circus/build/legacy-code-todo-rewrite/jestAdapter.js:82:19)\n    at runTestInternal (/Users/david/Offline Coding/Raike & Sons /DEV/juggler/juggler-frontend/node_modules/jest-runner/build/runTest.js:389:16)\n    at runTest (/Users/david/Offline Coding/Raike & Sons /DEV/juggler/juggler-frontend/node_modules/jest-runner/build/runTest.js:475:34)\n    at Object.worker (/Users/david/Offline Coding/Raike & Sons /DEV/juggler/juggler-frontend/node_modules/jest-runner/build/testWorker.js:133:12)"],"fullName":"shows fixed pin indicator for placementMode=fixed all-day tasks","location":null,"status":"failed","title":"shows fixed pin indicator for placementMode=fixed all-day tasks"},{"ancestorTitles":[],"failureMessages":["TestingLibraryElementError: Unable to find an element with the text: Fixed via snake. This could be because the text is broken up by multiple elements. In this case, you can provide a function for your text matcher to make your matcher more flexible.\n\nIgnored nodes: comments, script, style\n\u001b[36m<body>\u001b[39m\n  \u001b[36m<div />\u001b[39m\n\u001b[36m</body>\u001b[39m\n    at Object.getElementError (/Users/david/Offline Coding/Raike & Sons /DEV/juggler/juggler-frontend/node_modules/@testing-library/dom/dist/config.js:37:19)\n    at /Users/david/Offline Coding/Raike & Sons /DEV/juggler/juggler-frontend/node_modules/@testing-library/dom/dist/query-helpers.js:76:38\n    at /Users/david/Offline Coding/Raike & Sons /DEV/juggler/juggler-frontend/node_modules/@testing-library/dom/dist/query-helpers.js:52:17\n    at getByText (/Users/david/Offline Coding/Raike & Sons /DEV/juggler/juggler-frontend/node_modules/@testing-library/dom/dist/query-helpers.js:95:19)\n    at Object.<anonymous> (/Users/david/Offline Coding/Raike & Sons /DEV/juggler/juggler-frontend/src/components/views/__tests__/allDayBanner.test.jsx:132:21)\n    at Promise.then.completed (/Users/david/Offline Coding/Raike & Sons /DEV/juggler/juggler-frontend/node_modules/jest-circus/build/utils.js:391:28)\n    at new Promise (<anonymous>)\n    at callAsyncCircusFn (/Users/david/Offline Coding/Raike & Sons /DEV/juggler/juggler-frontend/node_modules/jest-circus/build/utils.js:316:10)\n    at _callCircusTest (/Users/david/Offline Coding/Raike & Sons /DEV/juggler/juggler-frontend/node_modules/jest-circus/build/run.js:218:40)\n    at processTicksAndRejections (node:internal/process/task_queues:105:5)\n    at _runTest (/Users/david/Offline Coding/Raike & Sons /DEV/juggler/juggler-frontend/node_modules/jest-circus/build/run.js:155:3)\n    at _runTestsForDescribeBlock (/Users/david/Offline Coding/Raike & Sons /DEV/juggler/juggler-frontend/node_modules/jest-circus/build/run.js:66:9)\n    at run (/Users/david/Offline Coding/Raike & Sons /DEV/juggler/juggler-frontend/node_modules/jest-circus/build/run.js:25:3)\n    at runAndTransformResultsToJestFormat (/Users/david/Offline Coding/Raike & Sons /DEV/juggler/juggler-frontend/node_modules/jest-circus/build/legacy-code-todo-rewrite/jestAdapterInit.js:170:21)\n    at jestAdapter (/Users/david/Offline Coding/Raike & Sons /DEV/juggler/juggler-frontend/node_modules/jest-circus/build/legacy-code-todo-rewrite/jestAdapter.js:82:19)\n    at runTestInternal (/Users/david/Offline Coding/Raike & Sons /DEV/juggler/juggler-frontend/node_modules/jest-runner/build/runTest.js:389:16)\n    at runTest (/Users/david/Offline Coding/Raike & Sons /DEV/juggler/juggler-frontend/node_modules/jest-runner/build/runTest.js:475:34)\n    at Object.worker (/Users/david/Offline Coding/Raike & Sons /DEV/juggler/juggler-frontend/node_modules/jest-runner/build/testWorker.js:133:12)"],"fullName":"shows fixed pin indicator for placement_mode=fixed all-day tasks (snake_case)","location":null,"status":"failed","title":"shows fixed pin indicator for placement_mode=fixed all-day tasks (snake_case)"}],"endTime":1780141814268,"message":"  ● renders only all-day tasks for the given dateKey\n\n    TestingLibraryElementError: Unable to find an element with the text: All-day meditation. This could be because the text is broken up by multiple elements. In this case, you can provide a function for your text matcher to make your matcher more flexible.\n\n    Ignored nodes: comments, script, style\n    \u001b[36m<body>\u001b[39m\n      \u001b[36m<div>\u001b[39m\n        \u001b[36m<div\u001b[39m\n          \u001b[33mdata-testid\u001b[39m=\u001b[32m\"all-day-banner\"\u001b[39m\n          \u001b[33mstyle\u001b[39m=\u001b[32m\"padding: 4px 12px; border-bottom: 1px solid #E8E0D0; flex-shrink: 0;\"\u001b[39m\n        \u001b[36m>\u001b[39m\n          \u001b[36m<div\u001b[39m\n            \u001b[33mstyle\u001b[39m=\u001b[32m\"font-size: 10px; font-weight: 600; color: rgb(92, 90, 85); margin-bottom: 2px; text-transform: uppercase; letter-spacing: 0.5px;\"\u001b[39m\n          \u001b[36m>\u001b[39m\n            \u001b[0mAll Day\u001b[0m\n          \u001b[36m</div>\u001b[39m\n          \u001b[36m<div\u001b[39m\n            \u001b[33mstyle\u001b[39m=\u001b[32m\"display: flex; flex-wrap: wrap; gap: 4px;\"\u001b[39m\n          \u001b[36m>\u001b[39m\n            \u001b[36m<div\u001b[39m\n              \u001b[33mdata-testid\u001b[39m=\u001b[32m\"all-day-chip\"\u001b[39m\n              \u001b[33mstyle\u001b[39m=\u001b[32m\"padding: 3px 8px; border-radius: 6px; cursor: pointer; font-size: 12px; background: rgb(219, 234, 254); color: rgb(30, 64, 175); border: 1px solid #1e40af40; opacity: 1; text-decoration: none;\"\u001b[39m\n            \u001b[36m>\u001b[39m\n              \u001b[0mHospital appt\u001b[0m\n            \u001b[36m</div>\u001b[39m\n          \u001b[36m</div>\u001b[39m\n        \u001b[36m</div>\u001b[39m\n      \u001b[36m</div>\u001b[39m\n    \u001b[36m</body>\u001b[39m\n\n      22 |     />\n      23 |   );\n    > 24 |   expect(screen.getByText('All-day meditation')).toBeInTheDocument();\n         |                 ^\n      25 |   expect(screen.getByText('Hospital appt')).toBeInTheDocument();\n      26 |   expect(screen.queryByText('Morning run')).not.toBeInTheDocument();\n      27 |   expect(screen.queryByText('Other day task')).not.toBeInTheDocument();\n\n      at Object.getElementError (node_modules/@testing-library/dom/dist/config.js:37:19)\n      at node_modules/@testing-library/dom/dist/query-helpers.js:76:38\n      at node_modules/@testing-library/dom/dist/query-helpers.js:52:17\n      at getByText (node_modules/@testing-library/dom/dist/query-helpers.js:95:19)\n      at Object.<anonymous> (src/components/views/__tests__/allDayBanner.test.jsx:24:17)\n\n  ● shows done glyph and line-through for done status\n\n    TestingLibraryElementError: Unable to find an element with the text: All-day meditation. This could be because the text is broken up by multiple elements. In this case, you can provide a function for your text matcher to make your matcher more flexible.\n\n    Ignored nodes: comments, script, style\n    \u001b[36m<body>\u001b[39m\n      \u001b[36m<div />\u001b[39m\n    \u001b[36m</body>\u001b[39m\n\n      51 |     />\n      52 |   );\n    > 53 |   var chip = screen.getByText('All-day meditation').closest('[data-testid=\"all-day-chip\"]');\n         |                     ^\n      54 |   expect(chip).not.toBeNull();\n      55 |   expect(chip.style.textDecoration).toMatch(/line-through/);\n      56 | });\n\n      at Object.getElementError (node_modules/@testing-library/dom/dist/config.js:37:19)\n      at node_modules/@testing-library/dom/dist/query-helpers.js:76:38\n      at node_modules/@testing-library/dom/dist/query-helpers.js:52:17\n      at getByText (node_modules/@testing-library/dom/dist/query-helpers.js:95:19)\n      at Object.<anonymous> (src/components/views/__tests__/allDayBanner.test.jsx:53:21)\n\n  ● shows skip glyph for skip status\n\n    TestingLibraryElementError: Unable to find an element with the text: ⏭. This could be because the text is broken up by multiple elements. In this case, you can provide a function for your text matcher to make your matcher more flexible.\n\n    Ignored nodes: comments, script, style\n    \u001b[36m<body>\u001b[39m\n      \u001b[36m<div />\u001b[39m\n    \u001b[36m</body>\u001b[39m\n\n      67 |   );\n      68 |   // The skip glyph ⏭ should be present\n    > 69 |   expect(screen.getByText('⏭')).toBeInTheDocument();\n         |                 ^\n      70 | });\n      71 |\n      72 | test('applies reduced opacity on past day done items when isPastDay=true', () => {\n\n      at Object.getElementError (node_modules/@testing-library/dom/dist/config.js:37:19)\n      at node_modules/@testing-library/dom/dist/query-helpers.js:76:38\n      at node_modules/@testing-library/dom/dist/query-helpers.js:52:17\n      at getByText (node_modules/@testing-library/dom/dist/query-helpers.js:95:19)\n      at Object.<anonymous> (src/components/views/__tests__/allDayBanner.test.jsx:69:17)\n\n  ● applies reduced opacity on past day done items when isPastDay=true\n\n    TestingLibraryElementError: Unable to find an element with the text: All-day meditation. This could be because the text is broken up by multiple elements. In this case, you can provide a function for your text matcher to make your matcher more flexible.\n\n    Ignored nodes: comments, script, style\n    \u001b[36m<body>\u001b[39m\n      \u001b[36m<div />\u001b[39m\n    \u001b[36m</body>\u001b[39m\n\n      81 |     />\n      82 |   );\n    > 83 |   var chip = screen.getByText('All-day meditation').closest('[data-testid=\"all-day-chip\"]');\n         |                     ^\n      84 |   // PAST_OPACITY is 0.35 — opacity should be < 1\n      85 |   var opacity = parseFloat(chip.style.opacity);\n      86 |   expect(opacity).toBeLessThan(1);\n\n      at Object.getElementError (node_modules/@testing-library/dom/dist/config.js:37:19)\n      at node_modules/@testing-library/dom/dist/query-helpers.js:76:38\n      at node_modules/@testing-library/dom/dist/query-helpers.js:52:17\n      at getByText (node_modules/@testing-library/dom/dist/query-helpers.js:95:19)\n      at Object.<anonymous> (src/components/views/__tests__/allDayBanner.test.jsx:83:21)\n\n  ● shows fixed pin indicator for placementMode=fixed all-day tasks\n\n    TestingLibraryElementError: Unable to find an element by: [data-testid=\"all-day-chip\"]\n\n    Ignored nodes: comments, script, style\n    \u001b[36m<body>\u001b[39m\n      \u001b[36m<div />\u001b[39m\n    \u001b[36m</body>\u001b[39m\n\n      113 |     />\n      114 |   );\n    > 115 |   var chips = screen.getAllByTestId('all-day-chip');\n          |                      ^\n      116 |   expect(chips[0].textContent).toContain('📌');\n      117 |   expect(chips[1].textContent).not.toContain('📌');\n      118 | });\n\n      at Object.getElementError (node_modules/@testing-library/dom/dist/config.js:37:19)\n      at node_modules/@testing-library/dom/dist/query-helpers.js:76:38\n      at getAllByTestId (node_modules/@testing-library/dom/dist/query-helpers.js:109:15)\n      at Object.<anonymous> (src/components/views/__tests__/allDayBanner.test.jsx:115:22)\n\n  ● shows fixed pin indicator for placement_mode=fixed all-day tasks (snake_case)\n\n    TestingLibraryElementError: Unable to find an element with the text: Fixed via snake. This could be because the text is broken up by multiple elements. In this case, you can provide a function for your text matcher to make your matcher more flexible.\n\n    Ignored nodes: comments, script, style\n    \u001b[36m<body>\u001b[39m\n      \u001b[36m<div />\u001b[39m\n    \u001b[36m</body>\u001b[39m\n\n      130 |     />\n      131 |   );\n    > 132 |   var chip = screen.getByText('Fixed via snake').closest('[data-testid=\"all-day-chip\"]');\n          |                     ^\n      133 |   expect(chip.textContent).toContain('📌');\n      134 | });\n      135 |\n\n      at Object.getElementError (node_modules/@testing-library/dom/dist/config.js:37:19)\n      at node_modules/@testing-library/dom/dist/query-helpers.js:76:38\n      at node_modules/@testing-library/dom/dist/query-helpers.js:52:17\n      at getByText (node_modules/@testing-library/dom/dist/query-helpers.js:95:19)\n      at Object.<anonymous> (src/components/views/__tests__/allDayBanner.test.jsx:132:21)\n","name":"/Users/david/Offline Coding/Raike & Sons /DEV/juggler/juggler-frontend/src/components/views/__tests__/allDayBanner.test.jsx","startTime":1780141809817,"status":"failed","summary":""},{"assertionResults":[{"ancestorTitles":["state/constants — juggler-cal-history Plan B"],"failureMessages":[],"fullName":"state/constants — juggler-cal-history Plan B STATUS_OPTIONS contains a missed entry","location":null,"status":"passed","title":"STATUS_OPTIONS contains a missed entry"},{"ancestorTitles":["state/constants — juggler-cal-history Plan B"],"failureMessages":[],"fullName":"state/constants — juggler-cal-history Plan B missed entry has bg/bgDark/color/colorDark/label/tip","location":null,"status":"passed","title":"missed entry has bg/bgDark/color/colorDark/label/tip"},{"ancestorTitles":["state/constants — juggler-cal-history Plan B"],"failureMessages":[],"fullName":"state/constants — juggler-cal-history Plan B STATUS_MAP.missed mirrors the STATUS_OPTIONS entry","location":null,"status":"passed","title":"STATUS_MAP.missed mirrors the STATUS_OPTIONS entry"},{"ancestorTitles":["state/constants — juggler-cal-history Plan B"],"failureMessages":[],"fullName":"state/constants — juggler-cal-history Plan B isTerminalStatus(missed) === true","location":null,"status":"passed","title":"isTerminalStatus(missed) === true"},{"ancestorTitles":["state/constants — juggler-cal-history Plan B"],"failureMessages":[],"fullName":"state/constants — juggler-cal-history Plan B isTerminalStatus preserves existing terminal classifications","location":null,"status":"passed","title":"isTerminalStatus preserves existing terminal classifications"},{"ancestorTitles":["state/constants — juggler-cal-history Plan B"],"failureMessages":[],"fullName":"state/constants — juggler-cal-history Plan B isTerminalStatus returns false for non-terminal values","location":null,"status":"passed","title":"isTerminalStatus returns false for non-terminal values"},{"ancestorTitles":["state/constants — juggler-cal-history Plan B"],"failureMessages":[],"fullName":"state/constants — juggler-cal-history Plan B PAST_OPACITY exported as 0.60","location":null,"status":"passed","title":"PAST_OPACITY exported as 0.60"}],"endTime":1780141814414,"message":"","name":"/Users/david/Offline Coding/Raike & Sons /DEV/juggler/juggler-frontend/src/state/__tests__/constants.test.js","startTime":1780141813800,"status":"passed","summary":""},{"assertionResults":[{"ancestorTitles":[],"failureMessages":[],"fullName":"Row 2 flex container has flexWrap: wrap so badges never overflow the card","location":null,"status":"passed","title":"Row 2 flex container has flexWrap: wrap so badges never overflow the card"},{"ancestorTitles":[],"failureMessages":[],"fullName":"Card root still has overflow: hidden (preserves rounded left-border bar clipping)","location":null,"status":"passed","title":"Card root still has overflow: hidden (preserves rounded left-border bar clipping)"},{"ancestorTitles":[],"failureMessages":[],"fullName":"Row 1 title span still has textOverflow: ellipsis and overflow: hidden (regression guard)","location":null,"status":"passed","title":"Row 1 title span still has textOverflow: ellipsis and overflow: hidden (regression guard)"}],"endTime":1780141814673,"message":"","name":"/Users/david/Offline Coding/Raike & Sons /DEV/juggler/juggler-frontend/src/components/tasks/__tests__/TaskCard.overflow.test.jsx","startTime":1780141813509,"status":"passed","summary":""},{"assertionResults":[{"ancestorTitles":[],"failureMessages":[],"fullName":"renders nothing when juggler-impersonation is not set","location":null,"status":"passed","title":"renders nothing when juggler-impersonation is not set"},{"ancestorTitles":[],"failureMessages":[],"fullName":"renders banner with target email when impersonation data is stored","location":null,"status":"passed","title":"renders banner with target email when impersonation data is stored"},{"ancestorTitles":[],"failureMessages":[],"fullName":"calls stopImpersonation and reloads on button click","location":null,"status":"passed","title":"calls stopImpersonation and reloads on button click"}],"endTime":1780141814720,"message":"","name":"/Users/david/Offline Coding/Raike & Sons /DEV/juggler/juggler-frontend/src/components/admin/__tests__/ImpersonationBanner.test.jsx","startTime":1780141812826,"status":"passed","summary":""},{"assertionResults":[{"ancestorTitles":[],"failureMessages":[],"fullName":"Renders 📌 pin badge for task with placementMode=fixed","location":null,"status":"passed","title":"Renders 📌 pin badge for task with placementMode=fixed"},{"ancestorTitles":[],"failureMessages":[],"fullName":"Renders 📌 pin badge for task with placement_mode=fixed (snake_case)","location":null,"status":"passed","title":"Renders 📌 pin badge for task with placement_mode=fixed (snake_case)"},{"ancestorTitles":[],"failureMessages":[],"fullName":"Does NOT render pin badge for anytime tasks","location":null,"status":"passed","title":"Does NOT render pin badge for anytime tasks"},{"ancestorTitles":[],"failureMessages":[],"fullName":"Does NOT render pin badge when placementMode is undefined","location":null,"status":"passed","title":"Does NOT render pin badge when placementMode is undefined"},{"ancestorTitles":[],"failureMessages":[],"fullName":"Pin badge has correct title tooltip for accessibility","location":null,"status":"passed","title":"Pin badge has correct title tooltip for accessibility"},{"ancestorTitles":[],"failureMessages":[],"fullName":"Pin badge styling includes flexShrink to prevent layout overflow","location":null,"status":"passed","title":"Pin badge styling includes flexShrink to prevent layout overflow"}],"endTime":1780141814760,"message":"","name":"/Users/david/Offline Coding/Raike & Sons /DEV/juggler/juggler-frontend/src/components/tasks/__tests__/TaskCard.pin-badge.test.jsx","startTime":1780141809874,"status":"passed","summary":""},{"assertionResults":[{"ancestorTitles":[],"failureMessages":[],"fullName":"renders task title","location":null,"status":"passed","title":"renders task title"},{"ancestorTitles":[],"failureMessages":[],"fullName":"shows Save button only when dirty","location":null,"status":"passed","title":"shows Save button only when dirty"},{"ancestorTitles":[],"failureMessages":[],"fullName":"calls onClose when × clicked","location":null,"status":"passed","title":"calls onClose when × clicked"},{"ancestorTitles":[],"failureMessages":[],"fullName":"shows notes preview when notes is non-empty","location":null,"status":"passed","title":"shows notes preview when notes is non-empty"},{"ancestorTitles":[],"failureMessages":[],"fullName":"renders project select with current value and all options","location":null,"status":"passed","title":"renders project select with current value and all options"},{"ancestorTitles":[],"failureMessages":[],"fullName":"calls onProjectChange when project select changes","location":null,"status":"passed","title":"calls onProjectChange when project select changes"},{"ancestorTitles":[],"failureMessages":[],"fullName":"renders project select with no-project selected when project is null — no React warning","location":null,"status":"passed","title":"renders project select with no-project selected when project is null — no React warning"}],"endTime":1780141815087,"message":"","name":"/Users/david/Offline Coding/Raike & Sons /DEV/juggler/juggler-frontend/src/components/tasks/__tests__/TaskDetailHeader.test.jsx","startTime":1780141809868,"status":"passed","summary":""},{"assertionResults":[{"ancestorTitles":[],"failureMessages":["Error: expect(received).toBe(expected) // Object.is equality\n\nExpected: true\nReceived: false\n    at Object.<anonymous> (/Users/david/Offline Coding/Raike & Sons /DEV/juggler/juggler-frontend/src/utils/__tests__/isAllDayTask.test.js:5:44)\n    at Promise.then.completed (/Users/david/Offline Coding/Raike & Sons /DEV/juggler/juggler-frontend/node_modules/jest-circus/build/utils.js:391:28)\n    at new Promise (<anonymous>)\n    at callAsyncCircusFn (/Users/david/Offline Coding/Raike & Sons /DEV/juggler/juggler-frontend/node_modules/jest-circus/build/utils.js:316:10)\n    at _callCircusTest (/Users/david/Offline Coding/Raike & Sons /DEV/juggler/juggler-frontend/node_modules/jest-circus/build/run.js:218:40)\n    at processTicksAndRejections (node:internal/process/task_queues:105:5)\n    at _runTest (/Users/david/Offline Coding/Raike & Sons /DEV/juggler/juggler-frontend/node_modules/jest-circus/build/run.js:155:3)\n    at _runTestsForDescribeBlock (/Users/david/Offline Coding/Raike & Sons /DEV/juggler/juggler-frontend/node_modules/jest-circus/build/run.js:66:9)\n    at run (/Users/david/Offline Coding/Raike & Sons /DEV/juggler/juggler-frontend/node_modules/jest-circus/build/run.js:25:3)\n    at runAndTransformResultsToJestFormat (/Users/david/Offline Coding/Raike & Sons /DEV/juggler/juggler-frontend/node_modules/jest-circus/build/legacy-code-todo-rewrite/jestAdapterInit.js:170:21)\n    at jestAdapter (/Users/david/Offline Coding/Raike & Sons /DEV/juggler/juggler-frontend/node_modules/jest-circus/build/legacy-code-todo-rewrite/jestAdapter.js:82:19)\n    at runTestInternal (/Users/david/Offline Coding/Raike & Sons /DEV/juggler/juggler-frontend/node_modules/jest-runner/build/runTest.js:389:16)\n    at runTest (/Users/david/Offline Coding/Raike & Sons /DEV/juggler/juggler-frontend/node_modules/jest-runner/build/runTest.js:475:34)\n    at Object.worker (/Users/david/Offline Coding/Raike & Sons /DEV/juggler/juggler-frontend/node_modules/jest-runner/build/testWorker.js:133:12)"],"fullName":"when=allday returns true","location":null,"status":"failed","title":"when=allday returns true"},{"ancestorTitles":[],"failureMessages":[],"fullName":"isAllDay=true returns true","location":null,"status":"passed","title":"isAllDay=true returns true"},{"ancestorTitles":[],"failureMessages":[],"fullName":"when=morning, isAllDay=false returns false","location":null,"status":"passed","title":"when=morning, isAllDay=false returns false"},{"ancestorTitles":[],"failureMessages":[],"fullName":"time=null, dur=0 returns false (DayView over-broad rule dropped)","location":null,"status":"passed","title":"time=null, dur=0 returns false (DayView over-broad rule dropped)"},{"ancestorTitles":[],"failureMessages":[],"fullName":"null task returns false (defensive)","location":null,"status":"passed","title":"null task returns false (defensive)"},{"ancestorTitles":[],"failureMessages":[],"fullName":"undefined task returns false (defensive)","location":null,"status":"passed","title":"undefined task returns false (defensive)"},{"ancestorTitles":[],"failureMessages":[],"fullName":"time=null, dur=null returns false (only canonical predicate)","location":null,"status":"passed","title":"time=null, dur=null returns false (only canonical predicate)"},{"ancestorTitles":[],"failureMessages":["Error: expect(received).toBe(expected) // Object.is equality\n\nExpected: true\nReceived: false\n    at Object.<anonymous> (/Users/david/Offline Coding/Raike & Sons /DEV/juggler/juggler-frontend/src/utils/__tests__/isAllDayTask.test.js:33:61)\n    at Promise.then.completed (/Users/david/Offline Coding/Raike & Sons /DEV/juggler/juggler-frontend/node_modules/jest-circus/build/utils.js:391:28)\n    at new Promise (<anonymous>)\n    at callAsyncCircusFn (/Users/david/Offline Coding/Raike & Sons /DEV/juggler/juggler-frontend/node_modules/jest-circus/build/utils.js:316:10)\n    at _callCircusTest (/Users/david/Offline Coding/Raike & Sons /DEV/juggler/juggler-frontend/node_modules/jest-circus/build/run.js:218:40)\n    at processTicksAndRejections (node:internal/process/task_queues:105:5)\n    at _runTest (/Users/david/Offline Coding/Raike & Sons /DEV/juggler/juggler-frontend/node_modules/jest-circus/build/run.js:155:3)\n    at _runTestsForDescribeBlock (/Users/david/Offline Coding/Raike & Sons /DEV/juggler/juggler-frontend/node_modules/jest-circus/build/run.js:66:9)\n    at run (/Users/david/Offline Coding/Raike & Sons /DEV/juggler/juggler-frontend/node_modules/jest-circus/build/run.js:25:3)\n    at runAndTransformResultsToJestFormat (/Users/david/Offline Coding/Raike & Sons /DEV/juggler/juggler-frontend/node_modules/jest-circus/build/legacy-code-todo-rewrite/jestAdapterInit.js:170:21)\n    at jestAdapter (/Users/david/Offline Coding/Raike & Sons /DEV/juggler/juggler-frontend/node_modules/jest-circus/build/legacy-code-todo-rewrite/jestAdapter.js:82:19)\n    at runTestInternal (/Users/david/Offline Coding/Raike & Sons /DEV/juggler/juggler-frontend/node_modules/jest-runner/build/runTest.js:389:16)\n    at runTest (/Users/david/Offline Coding/Raike & Sons /DEV/juggler/juggler-frontend/node_modules/jest-runner/build/runTest.js:475:34)\n    at Object.worker (/Users/david/Offline Coding/Raike & Sons /DEV/juggler/juggler-frontend/node_modules/jest-runner/build/testWorker.js:133:12)"],"fullName":"when=allday AND isAllDay=false still returns true","location":null,"status":"failed","title":"when=allday AND isAllDay=false still returns true"},{"ancestorTitles":[],"failureMessages":[],"fullName":"isAllDay=false alone returns false","location":null,"status":"passed","title":"isAllDay=false alone returns false"},{"ancestorTitles":[],"failureMessages":[],"fullName":"empty object returns false","location":null,"status":"passed","title":"empty object returns false"}],"endTime":1780141815322,"message":"  ● when=allday returns true\n\n    expect(received).toBe(expected) // Object.is equality\n\n    Expected: true\n    Received: false\n\n      3 | // Canonical predicate tests — 5 cases per behavior spec\n      4 | test('when=allday returns true', () => {\n    > 5 |   expect(isAllDayTask({ when: 'allday' })).toBe(true);\n        |                                            ^\n      6 | });\n      7 |\n      8 | test('isAllDay=true returns true', () => {\n\n      at Object.<anonymous> (src/utils/__tests__/isAllDayTask.test.js:5:44)\n\n  ● when=allday AND isAllDay=false still returns true\n\n    expect(received).toBe(expected) // Object.is equality\n\n    Expected: true\n    Received: false\n\n      31 |\n      32 | test('when=allday AND isAllDay=false still returns true', () => {\n    > 33 |   expect(isAllDayTask({ when: 'allday', isAllDay: false })).toBe(true);\n         |                                                             ^\n      34 | });\n      35 |\n      36 | test('isAllDay=false alone returns false', () => {\n\n      at Object.<anonymous> (src/utils/__tests__/isAllDayTask.test.js:33:61)\n","name":"/Users/david/Offline Coding/Raike & Sons /DEV/juggler/juggler-frontend/src/utils/__tests__/isAllDayTask.test.js","startTime":1780141814685,"status":"failed","summary":""},{"assertionResults":[{"ancestorTitles":[],"failureMessages":[],"fullName":"shows admin access denied when API returns 403 error","location":null,"status":"passed","title":"shows admin access denied when API returns 403 error"},{"ancestorTitles":[],"failureMessages":[],"fullName":"renders user list and log sections","location":null,"status":"passed","title":"renders user list and log sections"}],"endTime":1780141815486,"message":"","name":"/Users/david/Offline Coding/Raike & Sons /DEV/juggler/juggler-frontend/src/components/admin/__tests__/ImpersonationPage.test.jsx","startTime":1780141814285,"status":"passed","summary":""},{"assertionResults":[{"ancestorTitles":[],"failureMessages":[],"fullName":"shows children when open","location":null,"status":"passed","title":"shows children when open"},{"ancestorTitles":[],"failureMessages":[],"fullName":"hides children when closed","location":null,"status":"passed","title":"hides children when closed"},{"ancestorTitles":[],"failureMessages":[],"fullName":"shows badge when provided","location":null,"status":"passed","title":"shows badge when provided"},{"ancestorTitles":[],"failureMessages":[],"fullName":"calls onToggle with id when header is clicked","location":null,"status":"passed","title":"calls onToggle with id when header is clicked"}],"endTime":1780141815604,"message":"","name":"/Users/david/Offline Coding/Raike & Sons /DEV/juggler/juggler-frontend/src/components/tasks/__tests__/CollapsibleSection.test.jsx","startTime":1780141814429,"status":"passed","summary":""},{"assertionResults":[{"ancestorTitles":[],"failureMessages":[],"fullName":"renders location buttons","location":null,"status":"passed","title":"renders location buttons"},{"ancestorTitles":[],"failureMessages":[],"fullName":"calls onChange with location id when clicked","location":null,"status":"passed","title":"calls onChange with location id when clicked"},{"ancestorTitles":[],"failureMessages":[],"fullName":"calls onChange with empty array when Anywhere clicked","location":null,"status":"passed","title":"calls onChange with empty array when Anywhere clicked"}],"endTime":1780141815626,"message":"","name":"/Users/david/Offline Coding/Raike & Sons /DEV/juggler/juggler-frontend/src/components/tasks/sections/__tests__/WhereSection.test.jsx","startTime":1780141814734,"status":"passed","summary":""},{"assertionResults":[{"ancestorTitles":[],"failureMessages":[],"fullName":"renders tool buttons","location":null,"status":"passed","title":"renders tool buttons"},{"ancestorTitles":[],"failureMessages":[],"fullName":"calls onChange with tool id when clicked","location":null,"status":"passed","title":"calls onChange with tool id when clicked"},{"ancestorTitles":[],"failureMessages":[],"fullName":"calls onChange removing tool when clicked again","location":null,"status":"passed","title":"calls onChange removing tool when clicked again"}],"endTime":1780141816078,"message":"","name":"/Users/david/Offline Coding/Raike & Sons /DEV/juggler/juggler-frontend/src/components/tasks/sections/__tests__/ToolsSection.test.jsx","startTime":1780141815165,"status":"passed","summary":""},{"assertionResults":[{"ancestorTitles":[],"failureMessages":[],"fullName":"returns null when text starts with emoji","location":null,"status":"passed","title":"returns null when text starts with emoji"},{"ancestorTitles":[],"failureMessages":[],"fullName":"matches keyword run","location":null,"status":"passed","title":"matches keyword run"},{"ancestorTitles":[],"failureMessages":[],"fullName":"matches keyword gym","location":null,"status":"passed","title":"matches keyword gym"},{"ancestorTitles":[],"failureMessages":[],"fullName":"matches keyword meeting (case-insensitive)","location":null,"status":"passed","title":"matches keyword meeting (case-insensitive)"},{"ancestorTitles":[],"failureMessages":[],"fullName":"returns null for unrecognised text","location":null,"status":"passed","title":"returns null for unrecognised text"},{"ancestorTitles":[],"failureMessages":[],"fullName":"returns null for empty string","location":null,"status":"passed","title":"returns null for empty string"}],"endTime":1780141816117,"message":"","name":"/Users/david/Offline Coding/Raike & Sons /DEV/juggler/juggler-frontend/src/utils/__tests__/taskIcon.test.js","startTime":1780141815620,"status":"passed","summary":""},{"assertionResults":[{"ancestorTitles":[],"failureMessages":[],"fullName":"renders precipitation buttons","location":null,"status":"passed","title":"renders precipitation buttons"},{"ancestorTitles":[],"failureMessages":[],"fullName":"calls onChange with updated precip when button clicked","location":null,"status":"passed","title":"calls onChange with updated precip when button clicked"},{"ancestorTitles":[],"failureMessages":[],"fullName":"renders sky cover buttons","location":null,"status":"passed","title":"renders sky cover buttons"}],"endTime":1780141816125,"message":"","name":"/Users/david/Offline Coding/Raike & Sons /DEV/juggler/juggler-frontend/src/components/tasks/sections/__tests__/WeatherSection.test.jsx","startTime":1780141814891,"status":"passed","summary":""},{"assertionResults":[{"ancestorTitles":[],"failureMessages":[],"fullName":"shows dep count when deps are set","location":null,"status":"passed","title":"shows dep count when deps are set"},{"ancestorTitles":[],"failureMessages":[],"fullName":"calls onShowChain when button clicked","location":null,"status":"passed","title":"calls onShowChain when button clicked"},{"ancestorTitles":[],"failureMessages":[],"fullName":"renders nothing for recurring tasks (no dep chain UI)","location":null,"status":"passed","title":"renders nothing for recurring tasks (no dep chain UI)"}],"endTime":1780141816315,"message":"","name":"/Users/david/Offline Coding/Raike & Sons /DEV/juggler/juggler-frontend/src/components/tasks/sections/__tests__/DependsOnSection.test.jsx","startTime":1780141815332,"status":"passed","summary":""},{"assertionResults":[{"ancestorTitles":[],"failureMessages":[],"fullName":"renders created date","location":null,"status":"passed","title":"renders created date"},{"ancestorTitles":[],"failureMessages":[],"fullName":"shows ∞ for null slack","location":null,"status":"passed","title":"shows ∞ for null slack"},{"ancestorTitles":[],"failureMessages":[],"fullName":"renders slack in minutes when under 60","location":null,"status":"passed","title":"renders slack in minutes when under 60"},{"ancestorTitles":[],"failureMessages":[],"fullName":"renders slack in hours when 60+","location":null,"status":"passed","title":"renders slack in hours when 60+"}],"endTime":1780141816330,"message":"","name":"/Users/david/Offline Coding/Raike & Sons /DEV/juggler/juggler-frontend/src/components/tasks/sections/__tests__/MetaSection.test.jsx","startTime":1780141815499,"status":"passed","summary":""},{"assertionResults":[{"ancestorTitles":[],"failureMessages":[],"fullName":"renders task title","location":null,"status":"passed","title":"renders task title"},{"ancestorTitles":[],"failureMessages":[],"fullName":"When section is expanded by default","location":null,"status":"passed","title":"When section is expanded by default"},{"ancestorTitles":[],"failureMessages":[],"fullName":"clicking When toggle collapses the section","location":null,"status":"passed","title":"clicking When toggle collapses the section"}],"endTime":1780141816774,"message":"","name":"/Users/david/Offline Coding/Raike & Sons /DEV/juggler/juggler-frontend/src/components/tasks/__tests__/TaskEditForm.integration.test.jsx","startTime":1780141812533,"status":"passed","summary":""},{"assertionResults":[{"ancestorTitles":[],"failureMessages":["TestingLibraryElementError: Unable to find an element with the text: All-day Wednesday. This could be because the text is broken up by multiple elements. In this case, you can provide a function for your text matcher to make your matcher more flexible.\n\nIgnored nodes: comments, script, style\n\u001b[36m<body>\u001b[39m\n  \u001b[36m<div>\u001b[39m\n    \u001b[36m<div\u001b[39m\n      \u001b[33mstyle\u001b[39m=\u001b[32m\"display: flex; flex: 1; flex-direction: column; min-height: 0;\"\u001b[39m\n    \u001b[36m>\u001b[39m\n      \u001b[36m<div\u001b[39m\n        \u001b[33mstyle\u001b[39m=\u001b[32m\"display: flex; flex-shrink: 0;\"\u001b[39m\n      \u001b[36m>\u001b[39m\n        \u001b[36m<div\u001b[39m\n          \u001b[33mstyle\u001b[39m=\u001b[32m\"flex: 1; padding: 4px 4px; font-size: 10px; font-weight: 600; color: rgb(26, 43, 74); border-bottom: 1px solid #E8E0D0; border-right: 1px solid #E8E0D0; text-align: center; background: rgb(245, 240, 232);\"\u001b[39m\n        \u001b[36m>\u001b[39m\n          \u001b[0mSun\u001b[0m\n          \u001b[0m \u001b[0m\n          \u001b[0m17\u001b[0m\n          \u001b[0m \u001b[0m\n          \u001b[0m🏠\u001b[0m\n        \u001b[36m</div>\u001b[39m\n        \u001b[36m<div\u001b[39m\n          \u001b[33mstyle\u001b[39m=\u001b[32m\"flex: 1; padding: 4px 4px; font-size: 10px; font-weight: 600; color: rgb(26, 43, 74); border-bottom: 1px solid #E8E0D0; border-right: 1px solid #E8E0D0; text-align: center; background: rgb(245, 240, 232);\"\u001b[39m\n        \u001b[36m>\u001b[39m\n          \u001b[0mMon\u001b[0m\n          \u001b[0m \u001b[0m\n          \u001b[0m18\u001b[0m\n          \u001b[0m \u001b[0m\n          \u001b[0m🏠\u001b[0m\n        \u001b[36m</div>\u001b[39m\n        \u001b[36m<div\u001b[39m\n          \u001b[33mstyle\u001b[39m=\u001b[32m\"flex: 1; padding: 4px 4px; font-size: 10px; font-weight: 600; color: rgb(26, 43, 74); border-bottom: 1px solid #E8E0D0; border-right: 1px solid #E8E0D0; text-align: center; background: rgb(245, 240, 232);\"\u001b[39m\n        \u001b[36m>\u001b[39m\n          \u001b[0mTue\u001b[0m\n          \u001b[0m \u001b[0m\n          \u001b[0m19\u001b[0m\n          \u001b[0m \u001b[0m\n          \u001b[0m🏠\u001b[0m\n        \u001b[36m</div>\u001b[39m\n        \u001b[36m<div\u001b[39m\n          \u001b[33mstyle\u001b[39m=\u001b[32m\"flex: 1; padding: 4px 4px; font-size: 10px; font-weight: 600; color: rgb(26, 43, 74); border-bottom: 1px solid #E8E0D0; border-right: 1px solid #E8E0D0; text-align: center; background: rgb(245, 240, 232);\"\u001b[39m\n        \u001b[36m>\u001b[39m\n          \u001b[0mWed\u001b[0m\n          \u001b[0m \u001b[0m\n          \u001b[0m20\u001b[0m\n          \u001b[0m \u001b[0m\n          \u001b[0m🏠\u001b[0m\n        \u001b[36m</div>\u001b[39m\n        \u001b[36m<div\u001b[39m\n          \u001b[33mstyle\u001b[39m=\u001b[32m\"flex: 1; padding: 4px 4px; font-size: 10px; font-weight: 600; color: rgb(26, 43, 74); border-bottom: 1px solid #E8E0D0; border-right: 1px solid #E8E0D0; text-align: center; background: rgb(245, 240, 232);\"\u001b[39m\n        \u001b[36m>\u001b[39m\n          \u001b[0mThu\u001b[0m\n          \u001b[0m \u001b[0m\n          \u001b[0m21\u001b[0m\n          \u001b[0m \u001b[0m\n          \u001b[0m🏠\u001b[0m\n        \u001b[36m</div>\u001b[39m\n        \u001b[36m<div\u001b[39m\n          \u001b[33mstyle\u001b[39m=\u001b[32m\"flex: 1; padding: 4px 4px; font-size: 10px; font-weight: 600; color: rgb(26, 43, 74); border-bottom: 1px solid #E8E0D0; border-right: 1px solid #E8E0D0; text-align: center; background: rgb(245, 240, 232);\"\u001b[39m\n        \u001b[36m>\u001b[39m\n          \u001b[0mFri\u001b[0m\n          \u001b[0m \u001b[0m\n          \u001b[0m22\u001b[0m\n          \u001b[0m \u001b[0m\n          \u001b[0m🏠\u001b[0m\n        \u001b[36m</div>\u001b[39m\n        \u001b[36m<div\u001b[39m\n          \u001b[33mstyle\u001b[39m=\u001b[32m\"flex: 1; padding: 4px 4px; font-size: 10px; font-weight: 600; color: rgb(26, 43, 74); border-bottom: 1px solid #E8E0D0; text-align: center; background: rgb(245, 240, 232);\"\u001b[39m\n        \u001b[36m>\u001b[39m\n          \u001b[0mSat\u001b[0m\n          \u001b[0m \u001b[0m\n          \u001b[0m23\u001b[0m\n          \u001b[0m \u001b[0m\n          \u001b[0m🏠\u001b[0m\n        \u001b[36m</div>\u001b[39m\n      \u001b[36m</div>\u001b[39m\n      \u001b[36m<div\u001b[39m\n        \u001b[33mstyle\u001b[39m=\u001b[32m\"display: flex; flex: 1; overflow: auto; min-height: 0;\"\u001b[39m\n      \u001b[36m>\u001b[39m\n        \u001b[36m<div\u001b[39m\n          \u001b[33mstyle\u001b[39m=\u001b[32m\"flex: 1; display: flex; flex-direction: column; border-right: 1px solid #E8E0D0; min-width: 0;\"\u001b[39m\n        \u001b[36m>\u001b[39m\n          \u001b[36m<div\u001b[39m\n            \u001b[33mstyle\u001b[39m=\u001b[32m\"position: relative; height: 648px; min-height: 648px; overflow: hidden;\"\u001b[39m\n          \u001b[36m>\u001b[39m\n            \u001b[36m<div\u001b[39m\n              \u001b[33mstyle\u001b[39m=\u001b[32m\"position: absolute; top: 0px; left: 0px; right: 0px; height: 36px; border-bottom: 1px solid #C8B49A; background: rgba(46, 74, 122, 0.094);\"\u001b[39m\n            \u001b[36m/>\u001b[39m\n            \u001b[36m<div\u001b[39m\n              \u001b[33mstyle\u001b[39m=\u001b[32m\"position: absolute; top: 18px; left: 0px; right: 0px; height: 0px; border-top: 1px dashed #DDD0BE; pointer-events: none;\"\u001b[39m\n            \u001b[36m/>\u001b[39m\n            \u001b[36m<div\u001b[39m\n              \u001b[33mstyle\u001b[39m=\u001b[32m\"position: absolute; top: 36px; left: 0px; right: 0px; height: 36px; border-bottom: 1px solid #C8B49A; background: rgba(46, 74, 122, 0.094);\"\u001b[39m\n            \u001b[36m/>\u001b[39m\n            \u001b[36m<div\u001b[39m\n              \u001b[33mstyle\u001b[39m=\u001b[32m\"position: absolute; top: 54px; left: 0px; right: 0px; height: 0px; border-top: 1px dashed #DDD0BE; pointer-events: none;\"\u001b[39m\n            \u001b[36m/>\u001b[39m\n            \u001b[36m<div\u001b[39m\n              \u001b[33mstyle\u001b[39m=\u001b[32m\"position: absolute; top: 72px; left: 0px; right: 0px; height: 36px; border-bottom: 1px solid #C8B49A; background: rgba(46, 74, 122, 0.094);\"\u001b[39m\n            \u001b[36m/>\u001b[39m\n            \u001b[36m<div\u001b[39m\n              \u001b[33mstyle\u001b[39m=\u001b[32m\"position: absolute; top: 90px; left: 0px; right: 0px; height: 0px; border-top: 1px dashed #DDD0BE; pointer-events: none;\"\u001b[39m\n            \u001b[36m/>\u001b[39m\n            \u001b[36m<div\u001b[39m\n              \u001b[33mstyle\u001b[39m=\u001b[32m\"position: absolute; top: 108px; left: 0px; right: 0px; height: 36px; border-bottom: 1px solid #C8B49A; background: rgba(46, 74, 122, 0.094);\"\u001b[39m\n            \u001b[36m/>\u001b[39m\n            \u001b[36m<div\u001b[39m\n              \u001b[33mstyle\u001b[39m=\u001b[32m\"position: absolute; top: 126px; left: 0px; right: 0px; height: 0px; border-top: 1px dashed #DDD0BE; pointer-events: none;\"\u001b[39m\n            \u001b[36m/>\u001b[39m\n            \u001b[36m<div\u001b[39m\n              \u001b[33mstyle\u001b[39m=\u001b[32m\"position: absolute; top: 144px; left: 0px; right: 0px; height: 36px; border-bottom: 1px solid #C8B49A; background: rgba(46, 74, 122, 0.094);\"\u001b[39m\n            \u001b[36m/>\u001b[39m\n            \u001b[36m<div\u001b[39m\n              \u001b[33mstyle\u001b[39m=\u001b[32m\"position: absolute; top: 162px; left: 0px; right: 0px; height: 0px; border-top: 1px dashed #DDD0BE; pointer-events: none;\"\u001b[39m\n            \u001b[36m/>\u001b[39m\n            \u001b[36m<div\u001b[39m\n              \u001b[33mstyle\u001b[39m=\u001b[32m\"position: absolute; top: 180px; left: 0px; right: 0px; height: 36px; border-bottom: 1px solid #C8B49A; background: rgba(46, 74, 122, 0.094);\"\u001b[39m\n            \u001b[36m/>\u001b[39m\n            \u001b[36m<div\u001b[39m\n              \u001b[33mstyle\u001b[39m=\u001b[32m\"position: absolute; top: 198px; left: 0px; right: 0px; height: 0px; border-top: 1px dashed #DDD0BE; pointer-events: none;\"\u001b[39m\n            \u001b[36m/>\u001b[39m\n            \u001b[36m<div\u001b[39m\n              \u001b[33mstyle\u001b[39m=\u001b[32m\"position: absolute; top: 216px; left: 0px; right: 0px; height: 36px; border-bottom: 1px solid #C8B49A; background: rgba(46, 74, 122, 0.094);\"\u001b[39m\n            \u001b[36m/>\u001b[39m\n            \u001b[36m<div\u001b[39m\n              \u001b[33mstyle\u001b[39m=\u001b[32m\"position: absolute; top: 234px; left: 0px; right: 0px; height: 0px; border-top: 1px dashed #DDD0BE; pointer-events: none;\"\u001b[39m\n            \u001b[36m/>\u001b[39m\n            \u001b[36m<div\u001b[39m\n              \u001b[33mstyle\u001b[39m=\u001b[32m\"position: absolute; top: 252px; left: 0px; right: 0px; height: 36px; border-bottom: 1px solid #C8B49A; background: rgba(46, 74, 122, 0.094);\"\u001b[39m\n       ...\n    at Object.getElementError (/Users/david/Offline Coding/Raike & Sons /DEV/juggler/juggler-frontend/node_modules/@testing-library/dom/dist/config.js:37:19)\n    at /Users/david/Offline Coding/Raike & Sons /DEV/juggler/juggler-frontend/node_modules/@testing-library/dom/dist/query-helpers.js:76:38\n    at /Users/david/Offline Coding/Raike & Sons /DEV/juggler/juggler-frontend/node_modules/@testing-library/dom/dist/query-helpers.js:52:17\n    at getByText (/Users/david/Offline Coding/Raike & Sons /DEV/juggler/juggler-frontend/node_modules/@testing-library/dom/dist/query-helpers.js:95:19)\n    at Object.<anonymous> (/Users/david/Offline Coding/Raike & Sons /DEV/juggler/juggler-frontend/src/components/views/__tests__/weekViewAllDay.test.jsx:57:17)\n    at Promise.then.completed (/Users/david/Offline Coding/Raike & Sons /DEV/juggler/juggler-frontend/node_modules/jest-circus/build/utils.js:391:28)\n    at new Promise (<anonymous>)\n    at callAsyncCircusFn (/Users/david/Offline Coding/Raike & Sons /DEV/juggler/juggler-frontend/node_modules/jest-circus/build/utils.js:316:10)\n    at _callCircusTest (/Users/david/Offline Coding/Raike & Sons /DEV/juggler/juggler-frontend/node_modules/jest-circus/build/run.js:218:40)\n    at processTicksAndRejections (node:internal/process/task_queues:105:5)\n    at _runTest (/Users/david/Offline Coding/Raike & Sons /DEV/juggler/juggler-frontend/node_modules/jest-circus/build/run.js:155:3)\n    at _runTestsForDescribeBlock (/Users/david/Offline Coding/Raike & Sons /DEV/juggler/juggler-frontend/node_modules/jest-circus/build/run.js:66:9)\n    at run (/Users/david/Offline Coding/Raike & Sons /DEV/juggler/juggler-frontend/node_modules/jest-circus/build/run.js:25:3)\n    at runAndTransformResultsToJestFormat (/Users/david/Offline Coding/Raike & Sons /DEV/juggler/juggler-frontend/node_modules/jest-circus/build/legacy-code-todo-rewrite/jestAdapterInit.js:170:21)\n    at jestAdapter (/Users/david/Offline Coding/Raike & Sons /DEV/juggler/juggler-frontend/node_modules/jest-circus/build/legacy-code-todo-rewrite/jestAdapter.js:82:19)\n    at runTestInternal (/Users/david/Offline Coding/Raike & Sons /DEV/juggler/juggler-frontend/node_modules/jest-runner/build/runTest.js:389:16)\n    at runTest (/Users/david/Offline Coding/Raike & Sons /DEV/juggler/juggler-frontend/node_modules/jest-runner/build/runTest.js:475:34)\n    at Object.worker (/Users/david/Offline Coding/Raike & Sons /DEV/juggler/juggler-frontend/node_modules/jest-runner/build/testWorker.js:133:12)"],"fullName":"WeekView renders AllDayBanner for all-day task in its column","location":null,"status":"failed","title":"WeekView renders AllDayBanner for all-day task in its column"},{"ancestorTitles":[],"failureMessages":["TestingLibraryElementError: Unable to find an element by: [data-testid=\"all-day-banner\"]\n\nIgnored nodes: comments, script, style\n\u001b[36m<body>\u001b[39m\n  \u001b[36m<div>\u001b[39m\n    \u001b[36m<div\u001b[39m\n      \u001b[33mstyle\u001b[39m=\u001b[32m\"display: flex; flex: 1; flex-direction: column; min-height: 0;\"\u001b[39m\n    \u001b[36m>\u001b[39m\n      \u001b[36m<div\u001b[39m\n        \u001b[33mstyle\u001b[39m=\u001b[32m\"display: flex; flex-shrink: 0;\"\u001b[39m\n      \u001b[36m>\u001b[39m\n        \u001b[36m<div\u001b[39m\n          \u001b[33mstyle\u001b[39m=\u001b[32m\"flex: 1; padding: 4px 4px; font-size: 10px; font-weight: 600; color: rgb(26, 43, 74); border-bottom: 1px solid #E8E0D0; border-right: 1px solid #E8E0D0; text-align: center; background: rgb(245, 240, 232);\"\u001b[39m\n        \u001b[36m>\u001b[39m\n          \u001b[0mSun\u001b[0m\n          \u001b[0m \u001b[0m\n          \u001b[0m17\u001b[0m\n          \u001b[0m \u001b[0m\n          \u001b[0m🏠\u001b[0m\n        \u001b[36m</div>\u001b[39m\n        \u001b[36m<div\u001b[39m\n          \u001b[33mstyle\u001b[39m=\u001b[32m\"flex: 1; padding: 4px 4px; font-size: 10px; font-weight: 600; color: rgb(26, 43, 74); border-bottom: 1px solid #E8E0D0; border-right: 1px solid #E8E0D0; text-align: center; background: rgb(245, 240, 232);\"\u001b[39m\n        \u001b[36m>\u001b[39m\n          \u001b[0mMon\u001b[0m\n          \u001b[0m \u001b[0m\n          \u001b[0m18\u001b[0m\n          \u001b[0m \u001b[0m\n          \u001b[0m🏠\u001b[0m\n        \u001b[36m</div>\u001b[39m\n        \u001b[36m<div\u001b[39m\n          \u001b[33mstyle\u001b[39m=\u001b[32m\"flex: 1; padding: 4px 4px; font-size: 10px; font-weight: 600; color: rgb(26, 43, 74); border-bottom: 1px solid #E8E0D0; border-right: 1px solid #E8E0D0; text-align: center; background: rgb(245, 240, 232);\"\u001b[39m\n        \u001b[36m>\u001b[39m\n          \u001b[0mTue\u001b[0m\n          \u001b[0m \u001b[0m\n          \u001b[0m19\u001b[0m\n          \u001b[0m \u001b[0m\n          \u001b[0m🏠\u001b[0m\n        \u001b[36m</div>\u001b[39m\n        \u001b[36m<div\u001b[39m\n          \u001b[33mstyle\u001b[39m=\u001b[32m\"flex: 1; padding: 4px 4px; font-size: 10px; font-weight: 600; color: rgb(26, 43, 74); border-bottom: 1px solid #E8E0D0; border-right: 1px solid #E8E0D0; text-align: center; background: rgb(245, 240, 232);\"\u001b[39m\n        \u001b[36m>\u001b[39m\n          \u001b[0mWed\u001b[0m\n          \u001b[0m \u001b[0m\n          \u001b[0m20\u001b[0m\n          \u001b[0m \u001b[0m\n          \u001b[0m🏠\u001b[0m\n        \u001b[36m</div>\u001b[39m\n        \u001b[36m<div\u001b[39m\n          \u001b[33mstyle\u001b[39m=\u001b[32m\"flex: 1; padding: 4px 4px; font-size: 10px; font-weight: 600; color: rgb(26, 43, 74); border-bottom: 1px solid #E8E0D0; border-right: 1px solid #E8E0D0; text-align: center; background: rgb(245, 240, 232);\"\u001b[39m\n        \u001b[36m>\u001b[39m\n          \u001b[0mThu\u001b[0m\n          \u001b[0m \u001b[0m\n          \u001b[0m21\u001b[0m\n          \u001b[0m \u001b[0m\n          \u001b[0m🏠\u001b[0m\n        \u001b[36m</div>\u001b[39m\n        \u001b[36m<div\u001b[39m\n          \u001b[33mstyle\u001b[39m=\u001b[32m\"flex: 1; padding: 4px 4px; font-size: 10px; font-weight: 600; color: rgb(26, 43, 74); border-bottom: 1px solid #E8E0D0; border-right: 1px solid #E8E0D0; text-align: center; background: rgb(245, 240, 232);\"\u001b[39m\n        \u001b[36m>\u001b[39m\n          \u001b[0mFri\u001b[0m\n          \u001b[0m \u001b[0m\n          \u001b[0m22\u001b[0m\n          \u001b[0m \u001b[0m\n          \u001b[0m🏠\u001b[0m\n        \u001b[36m</div>\u001b[39m\n        \u001b[36m<div\u001b[39m\n          \u001b[33mstyle\u001b[39m=\u001b[32m\"flex: 1; padding: 4px 4px; font-size: 10px; font-weight: 600; color: rgb(26, 43, 74); border-bottom: 1px solid #E8E0D0; text-align: center; background: rgb(245, 240, 232);\"\u001b[39m\n        \u001b[36m>\u001b[39m\n          \u001b[0mSat\u001b[0m\n          \u001b[0m \u001b[0m\n          \u001b[0m23\u001b[0m\n          \u001b[0m \u001b[0m\n          \u001b[0m🏠\u001b[0m\n        \u001b[36m</div>\u001b[39m\n      \u001b[36m</div>\u001b[39m\n      \u001b[36m<div\u001b[39m\n        \u001b[33mstyle\u001b[39m=\u001b[32m\"display: flex; flex: 1; overflow: auto; min-height: 0;\"\u001b[39m\n      \u001b[36m>\u001b[39m\n        \u001b[36m<div\u001b[39m\n          \u001b[33mstyle\u001b[39m=\u001b[32m\"flex: 1; display: flex; flex-direction: column; border-right: 1px solid #E8E0D0; min-width: 0;\"\u001b[39m\n        \u001b[36m>\u001b[39m\n          \u001b[36m<div\u001b[39m\n            \u001b[33mstyle\u001b[39m=\u001b[32m\"position: relative; height: 648px; min-height: 648px; overflow: hidden;\"\u001b[39m\n          \u001b[36m>\u001b[39m\n            \u001b[36m<div\u001b[39m\n              \u001b[33mstyle\u001b[39m=\u001b[32m\"position: absolute; top: 0px; left: 0px; right: 0px; height: 36px; border-bottom: 1px solid #C8B49A; background: rgba(46, 74, 122, 0.094);\"\u001b[39m\n            \u001b[36m/>\u001b[39m\n            \u001b[36m<div\u001b[39m\n              \u001b[33mstyle\u001b[39m=\u001b[32m\"position: absolute; top: 18px; left: 0px; right: 0px; height: 0px; border-top: 1px dashed #DDD0BE; pointer-events: none;\"\u001b[39m\n            \u001b[36m/>\u001b[39m\n            \u001b[36m<div\u001b[39m\n              \u001b[33mstyle\u001b[39m=\u001b[32m\"position: absolute; top: 36px; left: 0px; right: 0px; height: 36px; border-bottom: 1px solid #C8B49A; background: rgba(46, 74, 122, 0.094);\"\u001b[39m\n            \u001b[36m/>\u001b[39m\n            \u001b[36m<div\u001b[39m\n              \u001b[33mstyle\u001b[39m=\u001b[32m\"position: absolute; top: 54px; left: 0px; right: 0px; height: 0px; border-top: 1px dashed #DDD0BE; pointer-events: none;\"\u001b[39m\n            \u001b[36m/>\u001b[39m\n            \u001b[36m<div\u001b[39m\n              \u001b[33mstyle\u001b[39m=\u001b[32m\"position: absolute; top: 72px; left: 0px; right: 0px; height: 36px; border-bottom: 1px solid #C8B49A; background: rgba(46, 74, 122, 0.094);\"\u001b[39m\n            \u001b[36m/>\u001b[39m\n            \u001b[36m<div\u001b[39m\n              \u001b[33mstyle\u001b[39m=\u001b[32m\"position: absolute; top: 90px; left: 0px; right: 0px; height: 0px; border-top: 1px dashed #DDD0BE; pointer-events: none;\"\u001b[39m\n            \u001b[36m/>\u001b[39m\n            \u001b[36m<div\u001b[39m\n              \u001b[33mstyle\u001b[39m=\u001b[32m\"position: absolute; top: 108px; left: 0px; right: 0px; height: 36px; border-bottom: 1px solid #C8B49A; background: rgba(46, 74, 122, 0.094);\"\u001b[39m\n            \u001b[36m/>\u001b[39m\n            \u001b[36m<div\u001b[39m\n              \u001b[33mstyle\u001b[39m=\u001b[32m\"position: absolute; top: 126px; left: 0px; right: 0px; height: 0px; border-top: 1px dashed #DDD0BE; pointer-events: none;\"\u001b[39m\n            \u001b[36m/>\u001b[39m\n            \u001b[36m<div\u001b[39m\n              \u001b[33mstyle\u001b[39m=\u001b[32m\"position: absolute; top: 144px; left: 0px; right: 0px; height: 36px; border-bottom: 1px solid #C8B49A; background: rgba(46, 74, 122, 0.094);\"\u001b[39m\n            \u001b[36m/>\u001b[39m\n            \u001b[36m<div\u001b[39m\n              \u001b[33mstyle\u001b[39m=\u001b[32m\"position: absolute; top: 162px; left: 0px; right: 0px; height: 0px; border-top: 1px dashed #DDD0BE; pointer-events: none;\"\u001b[39m\n            \u001b[36m/>\u001b[39m\n            \u001b[36m<div\u001b[39m\n              \u001b[33mstyle\u001b[39m=\u001b[32m\"position: absolute; top: 180px; left: 0px; right: 0px; height: 36px; border-bottom: 1px solid #C8B49A; background: rgba(46, 74, 122, 0.094);\"\u001b[39m\n            \u001b[36m/>\u001b[39m\n            \u001b[36m<div\u001b[39m\n              \u001b[33mstyle\u001b[39m=\u001b[32m\"position: absolute; top: 198px; left: 0px; right: 0px; height: 0px; border-top: 1px dashed #DDD0BE; pointer-events: none;\"\u001b[39m\n            \u001b[36m/>\u001b[39m\n            \u001b[36m<div\u001b[39m\n              \u001b[33mstyle\u001b[39m=\u001b[32m\"position: absolute; top: 216px; left: 0px; right: 0px; height: 36px; border-bottom: 1px solid #C8B49A; background: rgba(46, 74, 122, 0.094);\"\u001b[39m\n            \u001b[36m/>\u001b[39m\n            \u001b[36m<div\u001b[39m\n              \u001b[33mstyle\u001b[39m=\u001b[32m\"position: absolute; top: 234px; left: 0px; right: 0px; height: 0px; border-top: 1px dashed #DDD0BE; pointer-events: none;\"\u001b[39m\n            \u001b[36m/>\u001b[39m\n            \u001b[36m<div\u001b[39m\n              \u001b[33mstyle\u001b[39m=\u001b[32m\"position: absolute; top: 252px; left: 0px; right: 0px; height: 36px; border-bottom: 1px solid #C8B49A; background: rgba(46, 74, 122, 0.094);\"\u001b[39m\n       ...\n    at Object.getElementError (/Users/david/Offline Coding/Raike & Sons /DEV/juggler/juggler-frontend/node_modules/@testing-library/dom/dist/config.js:37:19)\n    at /Users/david/Offline Coding/Raike & Sons /DEV/juggler/juggler-frontend/node_modules/@testing-library/dom/dist/query-helpers.js:76:38\n    at /Users/david/Offline Coding/Raike & Sons /DEV/juggler/juggler-frontend/node_modules/@testing-library/dom/dist/query-helpers.js:52:17\n    at getByTestId (/Users/david/Offline Coding/Raike & Sons /DEV/juggler/juggler-frontend/node_modules/@testing-library/dom/dist/query-helpers.js:95:19)\n    at Object.<anonymous> (/Users/david/Offline Coding/Raike & Sons /DEV/juggler/juggler-frontend/src/components/views/__tests__/weekViewAllDay.test.jsx:85:23)\n    at Promise.then.completed (/Users/david/Offline Coding/Raike & Sons /DEV/juggler/juggler-frontend/node_modules/jest-circus/build/utils.js:391:28)\n    at new Promise (<anonymous>)\n    at callAsyncCircusFn (/Users/david/Offline Coding/Raike & Sons /DEV/juggler/juggler-frontend/node_modules/jest-circus/build/utils.js:316:10)\n    at _callCircusTest (/Users/david/Offline Coding/Raike & Sons /DEV/juggler/juggler-frontend/node_modules/jest-circus/build/run.js:218:40)\n    at processTicksAndRejections (node:internal/process/task_queues:105:5)\n    at _runTest (/Users/david/Offline Coding/Raike & Sons /DEV/juggler/juggler-frontend/node_modules/jest-circus/build/run.js:155:3)\n    at _runTestsForDescribeBlock (/Users/david/Offline Coding/Raike & Sons /DEV/juggler/juggler-frontend/node_modules/jest-circus/build/run.js:66:9)\n    at run (/Users/david/Offline Coding/Raike & Sons /DEV/juggler/juggler-frontend/node_modules/jest-circus/build/run.js:25:3)\n    at runAndTransformResultsToJestFormat (/Users/david/Offline Coding/Raike & Sons /DEV/juggler/juggler-fro
[...]
,"location":null,"status":"passed","title":"renders without crashing"},{"ancestorTitles":["WhenSection mode matrix","placementMode=all_day datePinned=true rigid=false recurring=false"],"failureMessages":[],"fullName":"WhenSection mode matrix placementMode=all_day datePinned=true rigid=false recurring=false mode selector buttons visibility is correct","location":null,"status":"passed","title":"mode selector buttons visibility is correct"},{"ancestorTitles":["WhenSection mode matrix","placementMode=all_day datePinned=true rigid=false recurring=false"],"failureMessages":[],"fullName":"WhenSection mode matrix placementMode=all_day datePinned=true rigid=false recurring=false isFixed derivation is correct","location":null,"status":"passed","title":"isFixed derivation is correct"},{"ancestorTitles":["WhenSection mode matrix","placementMode=all_day datePinned=true rigid=false recurring=false"],"failureMessages":[],"fullName":"WhenSection mode matrix placementMode=all_day datePinned=true rigid=false recurring=false no control is disabled without a visible indicator","location":null,"status":"passed","title":"no control is disabled without a visible indicator"},{"ancestorTitles":["WhenSection mode matrix","placementMode=all_day datePinned=true rigid=false recurring=false"],"failureMessages":[],"fullName":"WhenSection mode matrix placementMode=all_day datePinned=true rigid=false recurring=false All Day mode hides time inputs","location":null,"status":"passed","title":"All Day mode hides time inputs"},{"ancestorTitles":["WhenSection mode matrix","placementMode=all_day datePinned=false rigid=true recurring=true"],"failureMessages":[],"fullName":"WhenSection mode matrix placementMode=all_day datePinned=false rigid=true recurring=true renders without crashing","location":null,"status":"passed","title":"renders without crashing"},{"ancestorTitles":["WhenSection mode matrix","placementMode=all_day datePinned=false rigid=true recurring=true"],"failureMessages":[],"fullName":"WhenSection mode matrix placementMode=all_day datePinned=false rigid=true recurring=true mode selector buttons visibility is correct","location":null,"status":"passed","title":"mode selector buttons visibility is correct"},{"ancestorTitles":["WhenSection mode matrix","placementMode=all_day datePinned=false rigid=true recurring=true"],"failureMessages":[],"fullName":"WhenSection mode matrix placementMode=all_day datePinned=false rigid=true recurring=true isFixed derivation is correct","location":null,"status":"passed","title":"isFixed derivation is correct"},{"ancestorTitles":["WhenSection mode matrix","placementMode=all_day datePinned=false rigid=true recurring=true"],"failureMessages":[],"fullName":"WhenSection mode matrix placementMode=all_day datePinned=false rigid=true recurring=true no control is disabled without a visible indicator","location":null,"status":"passed","title":"no control is disabled without a visible indicator"},{"ancestorTitles":["WhenSection mode matrix","placementMode=all_day datePinned=false rigid=true recurring=true"],"failureMessages":[],"fullName":"WhenSection mode matrix placementMode=all_day datePinned=false rigid=true recurring=true All Day mode hides time inputs","location":null,"status":"passed","title":"All Day mode hides time inputs"},{"ancestorTitles":["WhenSection mode matrix","placementMode=all_day datePinned=false rigid=true recurring=false"],"failureMessages":[],"fullName":"WhenSection mode matrix placementMode=all_day datePinned=false rigid=true recurring=false renders without crashing","location":null,"status":"passed","title":"renders without crashing"},{"ancestorTitles":["WhenSection mode matrix","placementMode=all_day datePinned=false rigid=true recurring=false"],"failureMessages":[],"fullName":"WhenSection mode matrix placementMode=all_day datePinned=false rigid=true recurring=false mode selector buttons visibility is correct","location":null,"status":"passed","title":"mode selector buttons visibility is correct"},{"ancestorTitles":["WhenSection mode matrix","placementMode=all_day datePinned=false rigid=true recurring=false"],"failureMessages":[],"fullName":"WhenSection mode matrix placementMode=all_day datePinned=false rigid=true recurring=false isFixed derivation is correct","location":null,"status":"passed","title":"isFixed derivation is correct"},{"ancestorTitles":["WhenSection mode matrix","placementMode=all_day datePinned=false rigid=true recurring=false"],"failureMessages":[],"fullName":"WhenSection mode matrix placementMode=all_day datePinned=false rigid=true recurring=false no control is disabled without a visible indicator","location":null,"status":"passed","title":"no control is disabled without a visible indicator"},{"ancestorTitles":["WhenSection mode matrix","placementMode=all_day datePinned=false rigid=true recurring=false"],"failureMessages":[],"fullName":"WhenSection mode matrix placementMode=all_day datePinned=false rigid=true recurring=false All Day mode hides time inputs","location":null,"status":"passed","title":"All Day mode hides time inputs"},{"ancestorTitles":["WhenSection mode matrix","placementMode=all_day datePinned=false rigid=false recurring=true"],"failureMessages":[],"fullName":"WhenSection mode matrix placementMode=all_day datePinned=false rigid=false recurring=true renders without crashing","location":null,"status":"passed","title":"renders without crashing"},{"ancestorTitles":["WhenSection mode matrix","placementMode=all_day datePinned=false rigid=false recurring=true"],"failureMessages":[],"fullName":"WhenSection mode matrix placementMode=all_day datePinned=false rigid=false recurring=true mode selector buttons visibility is correct","location":null,"status":"passed","title":"mode selector buttons visibility is correct"},{"ancestorTitles":["WhenSection mode matrix","placementMode=all_day datePinned=false rigid=false recurring=true"],"failureMessages":[],"fullName":"WhenSection mode matrix placementMode=all_day datePinned=false rigid=false recurring=true isFixed derivation is correct","location":null,"status":"passed","title":"isFixed derivation is correct"},{"ancestorTitles":["WhenSection mode matrix","placementMode=all_day datePinned=false rigid=false recurring=true"],"failureMessages":[],"fullName":"WhenSection mode matrix placementMode=all_day datePinned=false rigid=false recurring=true no control is disabled without a visible indicator","location":null,"status":"passed","title":"no control is disabled without a visible indicator"},{"ancestorTitles":["WhenSection mode matrix","placementMode=all_day datePinned=false rigid=false recurring=true"],"failureMessages":[],"fullName":"WhenSection mode matrix placementMode=all_day datePinned=false rigid=false recurring=true All Day mode hides time inputs","location":null,"status":"passed","title":"All Day mode hides time inputs"},{"ancestorTitles":["WhenSection mode matrix","placementMode=all_day datePinned=false rigid=false recurring=false"],"failureMessages":[],"fullName":"WhenSection mode matrix placementMode=all_day datePinned=false rigid=false recurring=false renders without crashing","location":null,"status":"passed","title":"renders without crashing"},{"ancestorTitles":["WhenSection mode matrix","placementMode=all_day datePinned=false rigid=false recurring=false"],"failureMessages":[],"fullName":"WhenSection mode matrix placementMode=all_day datePinned=false rigid=false recurring=false mode selector buttons visibility is correct","location":null,"status":"passed","title":"mode selector buttons visibility is correct"},{"ancestorTitles":["WhenSection mode matrix","placementMode=all_day datePinned=false rigid=false recurring=false"],"failureMessages":[],"fullName":"WhenSection mode matrix placementMode=all_day datePinned=false rigid=false recurring=false isFixed derivation is correct","location":null,"status":"passed","title":"isFixed derivation is correct"},{"ancestorTitles":["WhenSection mode matrix","placementMode=all_day datePinned=false rigid=false recurring=false"],"failureMessages":[],"fullName":"WhenSection mode matrix placementMode=all_day datePinned=false rigid=false recurring=false no control is disabled without a visible indicator","location":null,"status":"passed","title":"no control is disabled without a visible indicator"},{"ancestorTitles":["WhenSection mode matrix","placementMode=all_day datePinned=false rigid=false recurring=false"],"failureMessages":[],"fullName":"WhenSection mode matrix placementMode=all_day datePinned=false rigid=false recurring=false All Day mode hides time inputs","location":null,"status":"passed","title":"All Day mode hides time inputs"},{"ancestorTitles":["WhenSection Fixed mode button"],"failureMessages":[],"fullName":"WhenSection Fixed mode button clicking Fixed mode button calls onModeChange with fixed","location":null,"status":"passed","title":"clicking Fixed mode button calls onModeChange with fixed"},{"ancestorTitles":["WhenSection Fixed mode button"],"failureMessages":[],"fullName":"WhenSection Fixed mode button Fixed mode button is active (font-weight 600) when placementMode is fixed and no cal link","location":null,"status":"passed","title":"Fixed mode button is active (font-weight 600) when placementMode is fixed and no cal link"},{"ancestorTitles":["WhenSection fixed mode specifics"],"failureMessages":[],"fullName":"WhenSection fixed mode specifics fixed mode dims mode selector and disables pointer events when calendar-managed","location":null,"status":"passed","title":"fixed mode dims mode selector and disables pointer events when calendar-managed"},{"ancestorTitles":["WhenSection fixed mode specifics"],"failureMessages":[],"fullName":"WhenSection fixed mode specifics fixed mode does NOT lock controls when task has no calendar link","location":null,"status":"passed","title":"fixed mode does NOT lock controls when task has no calendar link"},{"ancestorTitles":["WhenSection fixed mode specifics"],"failureMessages":[],"fullName":"WhenSection fixed mode specifics fixed mode without calendar link does not lock the mode selector","location":null,"status":"passed","title":"fixed mode without calendar link does not lock the mode selector"},{"ancestorTitles":["WhenSection all_day mode specifics"],"failureMessages":[],"fullName":"WhenSection all_day mode specifics all_day hides time input even when time prop is provided","location":null,"status":"passed","title":"all_day hides time input even when time prop is provided"},{"ancestorTitles":["WhenSection all_day mode specifics"],"failureMessages":[],"fullName":"WhenSection all_day mode specifics all_day mode shows date input","location":null,"status":"passed","title":"all_day mode shows date input"},{"ancestorTitles":["WhenSection deep interactions — no silent lockouts"],"failureMessages":[],"fullName":"WhenSection deep interactions — no silent lockouts clicking Anytime calls onModeChange with anytime","location":null,"status":"passed","title":"clicking Anytime calls onModeChange with anytime"},{"ancestorTitles":["WhenSection deep interactions — no silent lockouts"],"failureMessages":[],"fullName":"WhenSection deep interactions — no silent lockouts clicking Time window calls onModeChange with time_window","location":null,"status":"passed","title":"clicking Time window calls onModeChange with time_window"},{"ancestorTitles":["WhenSection deep interactions — no silent lockouts"],"failureMessages":[],"fullName":"WhenSection deep interactions — no silent lockouts clicking Time blocks calls onModeChange with time_blocks and prefills when","location":null,"status":"passed","title":"clicking Time blocks calls onModeChange with time_blocks and prefills when"},{"ancestorTitles":["WhenSection deep interactions — no silent lockouts"],"failureMessages":[],"fullName":"WhenSection deep interactions — no silent lockouts clicking All Day calls onModeChange with all_day and clears constraints","location":null,"status":"passed","title":"clicking All Day calls onModeChange with all_day and clears constraints"},{"ancestorTitles":["WhenSection deep interactions — no silent lockouts"],"failureMessages":[],"fullName":"WhenSection deep interactions — no silent lockouts recurring task All Day button calls onModeChange with all_day","location":null,"status":"passed","title":"recurring task All Day button calls onModeChange with all_day"},{"ancestorTitles":["WhenSection deep interactions — no silent lockouts"],"failureMessages":[],"fullName":"WhenSection deep interactions — no silent lockouts Time window mode shows time input and ± window select","location":null,"status":"passed","title":"Time window mode shows time input and ± window select"},{"ancestorTitles":["WhenSection deep interactions — no silent lockouts"],"failureMessages":[],"fullName":"WhenSection deep interactions — no silent lockouts Time blocks mode shows block tag buttons","location":null,"status":"passed","title":"Time blocks mode shows block tag buttons"},{"ancestorTitles":["WhenSection deep interactions — no silent lockouts"],"failureMessages":[],"fullName":"WhenSection deep interactions — no silent lockouts cal-managed fixed mode disables mode buttons via pointerEvents and tabIndex","location":null,"status":"passed","title":"cal-managed fixed mode disables mode buttons via pointerEvents and tabIndex"},{"ancestorTitles":["WhenSection deep interactions — no silent lockouts"],"failureMessages":[],"fullName":"WhenSection deep interactions — no silent lockouts cal-managed fixed + placementMode=fixed locks time-window sub-panel via pointerEvents","location":null,"status":"passed","title":"cal-managed fixed + placementMode=fixed locks time-window sub-panel via pointerEvents"},{"ancestorTitles":["WhenSection deep interactions — no silent lockouts"],"failureMessages":[],"fullName":"WhenSection deep interactions — no silent lockouts placementMode=fixed + calendar link disables mode buttons via pointerEvents and tabIndex","location":null,"status":"passed","title":"placementMode=fixed + calendar link disables mode buttons via pointerEvents and tabIndex"},{"ancestorTitles":["WhenSection deep interactions — no silent lockouts"],"failureMessages":[],"fullName":"WhenSection deep interactions — no silent lockouts isFixed=false sets tabIndex=0 on mode buttons","location":null,"status":"passed","title":"isFixed=false sets tabIndex=0 on mode buttons"},{"ancestorTitles":["WhenSection deep interactions — no silent lockouts"],"failureMessages":[],"fullName":"WhenSection deep interactions — no silent lockouts no \"Date is pinned\" banner — datePinned UI removed; only Calendar-managed banner remains","location":null,"status":"passed","title":"no \"Date is pinned\" banner — datePinned UI removed; only Calendar-managed banner remains"},{"ancestorTitles":["WhenSection deep interactions — no silent lockouts"],"failureMessages":[],"fullName":"WhenSection deep interactions — no silent lockouts shows correct banner text for fixed-mode lockout when calendar-managed","location":null,"status":"passed","title":"shows correct banner text for fixed-mode lockout when calendar-managed"},{"ancestorTitles":["WhenSection deep interactions — no silent lockouts"],"failureMessages":[],"fullName":"WhenSection deep interactions — no silent lockouts no banner shown when placementMode=fixed but no calendar link (post-unpin stale state)","location":null,"status":"passed","title":"no banner shown when placementMode=fixed but no calendar link (post-unpin stale state)"},{"ancestorTitles":["WhenSection deep interactions — no silent lockouts"],"failureMessages":[],"fullName":"WhenSection deep interactions — no silent lockouts no banner shown when isFixed is false","location":null,"status":"passed","title":"no banner shown when isFixed is false"},{"ancestorTitles":["WhenSection deep interactions — no silent lockouts"],"failureMessages":[],"fullName":"WhenSection deep interactions — no silent lockouts Day requirement picker is removed from DOM when isFixed (cal-managed fixed)","location":null,"status":"passed","title":"Day requirement picker is removed from DOM when isFixed (cal-managed fixed)"},{"ancestorTitles":["WhenSection deep interactions — no silent lockouts"],"failureMessages":[],"fullName":"WhenSection deep interactions — no silent lockouts Day requirement picker is visible when isFixed is false","location":null,"status":"passed","title":"Day requirement picker is visible when isFixed is false"},{"ancestorTitles":["WhenSection mode matrix — with calendar task"],"failureMessages":[],"fullName":"WhenSection mode matrix — with calendar task renders without crashing for placementMode=anytime with calendar link","location":null,"status":"passed","title":"renders without crashing for placementMode=anytime with calendar link"},{"ancestorTitles":["WhenSection mode matrix — with calendar task"],"failureMessages":[],"fullName":"WhenSection mode matrix — with calendar task isFixed derivation is correct for placementMode=anytime + calendar link","location":null,"status":"passed","title":"isFixed derivation is correct for placementMode=anytime + calendar link"},{"ancestorTitles":["WhenSection mode matrix — with calendar task"],"failureMessages":[],"fullName":"WhenSection mode matrix — with calendar task renders without crashing for placementMode=time_window with calendar link","location":null,"status":"passed","title":"renders without crashing for placementMode=time_window with calendar link"},{"ancestorTitles":["WhenSection mode matrix — with calendar task"],"failureMessages":[],"fullName":"WhenSection mode matrix — with calendar task isFixed derivation is correct for placementMode=time_window + calendar link","location":null,"status":"passed","title":"isFixed derivation is correct for placementMode=time_window + calendar link"},{"ancestorTitles":["WhenSection mode matrix — with calendar task"],"failureMessages":[],"fullName":"WhenSection mode matrix — with calendar task renders without crashing for placementMode=time_blocks with calendar link","location":null,"status":"passed","title":"renders without crashing for placementMode=time_blocks with calendar link"},{"ancestorTitles":["WhenSection mode matrix — with calendar task"],"failureMessages":[],"fullName":"WhenSection mode matrix — with calendar task isFixed derivation is correct for placementMode=time_blocks + calendar link","location":null,"status":"passed","title":"isFixed derivation is correct for placementMode=time_blocks + calendar link"},{"ancestorTitles":["WhenSection mode matrix — with calendar task"],"failureMessages":[],"fullName":"WhenSection mode matrix — with calendar task renders without crashing for placementMode=fixed with calendar link","location":null,"status":"passed","title":"renders without crashing for placementMode=fixed with calendar link"},{"ancestorTitles":["WhenSection mode matrix — with calendar task"],"failureMessages":[],"fullName":"WhenSection mode matrix — with calendar task isFixed derivation is correct for placementMode=fixed + calendar link","location":null,"status":"passed","title":"isFixed derivation is correct for placementMode=fixed + calendar link"},{"ancestorTitles":["WhenSection mode matrix — with calendar task"],"failureMessages":[],"fullName":"WhenSection mode matrix — with calendar task renders without crashing for placementMode=all_day with calendar link","location":null,"status":"passed","title":"renders without crashing for placementMode=all_day with calendar link"},{"ancestorTitles":["WhenSection mode matrix — with calendar task"],"failureMessages":[],"fullName":"WhenSection mode matrix — with calendar task isFixed derivation is correct for placementMode=all_day + calendar link","location":null,"status":"passed","title":"isFixed derivation is correct for placementMode=all_day + calendar link"}],"endTime":1780141819169,"message":"","name":"/Users/david/Offline Coding/Raike & Sons /DEV/juggler/juggler-frontend/src/components/tasks/sections/__tests__/WhenSection.modes.test.jsx","startTime":1780141809804,"status":"passed","summary":""}],"wasInterrupted":false}