{"numFailedTestSuites":0,"numFailedTests":0,"numPassedTestSuites":12,"numPassedTests":370,"numPendingTestSuites":0,"numPendingTests":0,"numRuntimeErrorTestSuites":0,"numTodoTests":0,"numTotalTestSuites":12,"numTotalTests":370,"openHandles":[],"snapshot":{"added":0,"didUpdate":false,"failure":false,"filesAdded":0,"filesRemoved":0,"filesRemovedList":[],"filesUnmatched":0,"filesUpdated":0,"matched":0,"total":0,"unchecked":0,"uncheckedKeysByFile":[],"unmatched":0,"updated":0},"startTime":1780202289381,"success":true,"testResults":[{"assertionResults":[{"ancestorTitles":[],"failureMessages":[],"fullName":"Renders 📌 pin badge for task with placementMode=fixed","location":null,"status":"passed","title":"Renders 📌 pin badge for task with placementMode=fixed"},{"ancestorTitles":[],"failureMessages":[],"fullName":"Renders 📌 pin badge for task with placement_mode=fixed (snake_case)","location":null,"status":"passed","title":"Renders 📌 pin badge for task with placement_mode=fixed (snake_case)"},{"ancestorTitles":[],"failureMessages":[],"fullName":"Does NOT render pin badge for anytime tasks","location":null,"status":"passed","title":"Does NOT render pin badge for anytime tasks"},{"ancestorTitles":[],"failureMessages":[],"fullName":"Does NOT render pin badge when placementMode is undefined","location":null,"status":"passed","title":"Does NOT render pin badge when placementMode is undefined"},{"ancestorTitles":[],"failureMessages":[],"fullName":"Pin badge has correct title tooltip for accessibility","location":null,"status":"passed","title":"Pin badge has correct title tooltip for accessibility"},{"ancestorTitles":[],"failureMessages":[],"fullName":"Pin badge styling includes flexShrink to prevent layout overflow","location":null,"status":"passed","title":"Pin badge styling includes flexShrink to prevent layout overflow"}],"endTime":1780202292055,"message":"","name":"/Users/david/Offline Coding/Raike & Sons /DEV/juggler/juggler-frontend/src/components/tasks/__tests__/TaskCard.pin-badge.test.jsx","startTime":1780202290850,"status":"passed","summary":""},{"assertionResults":[{"ancestorTitles":[],"failureMessages":[],"fullName":"renders task title","location":null,"status":"passed","title":"renders task title"},{"ancestorTitles":[],"failureMessages":[],"fullName":"When section is expanded by default","location":null,"status":"passed","title":"When section is expanded by default"},{"ancestorTitles":[],"failureMessages":[],"fullName":"clicking When toggle collapses the section","location":null,"status":"passed","title":"clicking When toggle collapses the section"}],"endTime":1780202292344,"message":"","name":"/Users/david/Offline Coding/Raike & Sons /DEV/juggler/juggler-frontend/src/components/tasks/__tests__/TaskEditForm.integration.test.jsx","startTime":1780202290851,"status":"passed","summary":""},{"assertionResults":[{"ancestorTitles":[],"failureMessages":[],"fullName":"renders task title","location":null,"status":"passed","title":"renders task title"},{"ancestorTitles":[],"failureMessages":[],"fullName":"shows Save button only when dirty","location":null,"status":"passed","title":"shows Save button only when dirty"},{"ancestorTitles":[],"failureMessages":[],"fullName":"calls onClose when × clicked","location":null,"status":"passed","title":"calls onClose when × clicked"},{"ancestorTitles":[],"failureMessages":[],"fullName":"shows notes preview when notes is non-empty","location":null,"status":"passed","title":"shows notes preview when notes is non-empty"},{"ancestorTitles":[],"failureMessages":[],"fullName":"renders project select with current value and all options","location":null,"status":"passed","title":"renders project select with current value and all options"},{"ancestorTitles":[],"failureMessages":[],"fullName":"calls onProjectChange when project select changes","location":null,"status":"passed","title":"calls onProjectChange when project select changes"},{"ancestorTitles":[],"failureMessages":[],"fullName":"renders project select with no-project selected when project is null — no React warning","location":null,"status":"passed","title":"renders project select with no-project selected when project is null — no React warning"}],"endTime":1780202292351,"message":"","name":"/Users/david/Offline Coding/Raike & Sons /DEV/juggler/juggler-frontend/src/components/tasks/__tests__/TaskDetailHeader.test.jsx","startTime":1780202290850,"status":"passed","summary":""},{"assertionResults":[{"ancestorTitles":[],"failureMessages":[],"fullName":"Row 2 flex container has flexWrap: wrap so badges never overflow the card","location":null,"status":"passed","title":"Row 2 flex container has flexWrap: wrap so badges never overflow the card"},{"ancestorTitles":[],"failureMessages":[],"fullName":"Card root still has overflow: hidden (preserves rounded left-border bar clipping)","location":null,"status":"passed","title":"Card root still has overflow: hidden (preserves rounded left-border bar clipping)"},{"ancestorTitles":[],"failureMessages":[],"fullName":"Row 1 title span still has textOverflow: ellipsis and overflow: hidden (regression guard)","location":null,"status":"passed","title":"Row 1 title span still has textOverflow: ellipsis and overflow: hidden (regression guard)"}],"endTime":1780202292670,"message":"","name":"/Users/david/Offline Coding/Raike & Sons /DEV/juggler/juggler-frontend/src/components/tasks/__tests__/TaskCard.overflow.test.jsx","startTime":1780202292393,"status":"passed","summary":""},{"assertionResults":[{"ancestorTitles":["AllDayBanner - Multiday support (JUG-MED-17)","Single-day all-day tasks"],"failureMessages":[],"fullName":"AllDayBanner - Multiday support (JUG-MED-17) Single-day all-day tasks shows single-day all-day task on its date","location":null,"status":"passed","title":"shows single-day all-day task on its date"},{"ancestorTitles":["AllDayBanner - Multiday support (JUG-MED-17)","Single-day all-day tasks"],"failureMessages":[],"fullName":"AllDayBanner - Multiday support (JUG-MED-17) Single-day all-day tasks does not show single-day task on a different date","location":null,"status":"passed","title":"does not show single-day task on a different date"},{"ancestorTitles":["AllDayBanner - Multiday support (JUG-MED-17)","Multiday all-day tasks (JUG-MED-17)"],"failureMessages":[],"fullName":"AllDayBanner - Multiday support (JUG-MED-17) Multiday all-day tasks (JUG-MED-17) shows multiday task on start date","location":null,"status":"passed","title":"shows multiday task on start date"},{"ancestorTitles":["AllDayBanner - Multiday support (JUG-MED-17)","Multiday all-day tasks (JUG-MED-17)"],"failureMessages":[],"fullName":"AllDayBanner - Multiday support (JUG-MED-17) Multiday all-day tasks (JUG-MED-17) shows multiday task on middle date","location":null,"status":"passed","title":"shows multiday task on middle date"},{"ancestorTitles":["AllDayBanner - Multiday support (JUG-MED-17)","Multiday all-day tasks (JUG-MED-17)"],"failureMessages":[],"fullName":"AllDayBanner - Multiday support (JUG-MED-17) Multiday all-day tasks (JUG-MED-17) shows multiday task on end date (inclusive)","location":null,"status":"passed","title":"shows multiday task on end date (inclusive)"},{"ancestorTitles":["AllDayBanner - Multiday support (JUG-MED-17)","Multiday all-day tasks (JUG-MED-17)"],"failureMessages":[],"fullName":"AllDayBanner - Multiday support (JUG-MED-17) Multiday all-day tasks (JUG-MED-17) does not show multiday task before start date","location":null,"status":"passed","title":"does not show multiday task before start date"},{"ancestorTitles":["AllDayBanner - Multiday support (JUG-MED-17)","Multiday all-day tasks (JUG-MED-17)"],"failureMessages":[],"fullName":"AllDayBanner - Multiday support (JUG-MED-17) Multiday all-day tasks (JUG-MED-17) does not show multiday task after end date","location":null,"status":"passed","title":"does not show multiday task after end date"},{"ancestorTitles":["AllDayBanner - Multiday support (JUG-MED-17)","Multiday all-day tasks (JUG-MED-17)"],"failureMessages":[],"fullName":"AllDayBanner - Multiday support (JUG-MED-17) Multiday all-day tasks (JUG-MED-17) shows multiday task in WeekView for all dates in range","location":null,"status":"passed","title":"shows multiday task in WeekView for all dates in range"},{"ancestorTitles":["AllDayBanner - Multiday support (JUG-MED-17)","Multiday all-day tasks (JUG-MED-17)"],"failureMessages":[],"fullName":"AllDayBanner - Multiday support (JUG-MED-17) Multiday all-day tasks (JUG-MED-17) shows multiple all-day tasks with mixed single and multiday","location":null,"status":"passed","title":"shows multiple all-day tasks with mixed single and multiday"},{"ancestorTitles":["AllDayBanner - Multiday support (JUG-MED-17)","Date range edge cases"],"failureMessages":[],"fullName":"AllDayBanner - Multiday support (JUG-MED-17) Date range edge cases handles single-day task with same date as endDate","location":null,"status":"passed","title":"handles single-day task with same date as endDate"},{"ancestorTitles":["AllDayBanner - Multiday support (JUG-MED-17)","Date range edge cases"],"failureMessages":[],"fullName":"AllDayBanner - Multiday support (JUG-MED-17) Date range edge cases handles year boundary dates correctly","location":null,"status":"passed","title":"handles year boundary dates correctly"},{"ancestorTitles":["AllDayBanner - Multiday support (JUG-MED-17)","Date range edge cases"],"failureMessages":[],"fullName":"AllDayBanner - Multiday support (JUG-MED-17) Date range edge cases filters non-all-day tasks even within date range","location":null,"status":"passed","title":"filters non-all-day tasks even within date range"}],"endTime":1780202292703,"message":"","name":"/Users/david/Offline Coding/Raike & Sons /DEV/juggler/juggler-frontend/src/components/views/__tests__/allDayBannerMultiday.test.jsx","startTime":1780202292404,"status":"passed","summary":""},{"assertionResults":[{"ancestorTitles":["state/constants — juggler-cal-history Plan B"],"failureMessages":[],"fullName":"state/constants — juggler-cal-history Plan B STATUS_OPTIONS contains a missed entry","location":null,"status":"passed","title":"STATUS_OPTIONS contains a missed entry"},{"ancestorTitles":["state/constants — juggler-cal-history Plan B"],"failureMessages":[],"fullName":"state/constants — juggler-cal-history Plan B missed entry has bg/bgDark/color/colorDark/label/tip","location":null,"status":"passed","title":"missed entry has bg/bgDark/color/colorDark/label/tip"},{"ancestorTitles":["state/constants — juggler-cal-history Plan B"],"failureMessages":[],"fullName":"state/constants — juggler-cal-history Plan B STATUS_OPTIONS contains archived and restored entries","location":null,"status":"passed","title":"STATUS_OPTIONS contains archived and restored entries"},{"ancestorTitles":["state/constants — juggler-cal-history Plan B"],"failureMessages":[],"fullName":"state/constants — juggler-cal-history Plan B archived and restored entries have required properties","location":null,"status":"passed","title":"archived and restored entries have required properties"},{"ancestorTitles":["state/constants — juggler-cal-history Plan B"],"failureMessages":[],"fullName":"state/constants — juggler-cal-history Plan B STATUS_MAP contains archived and restored entries","location":null,"status":"passed","title":"STATUS_MAP contains archived and restored entries"},{"ancestorTitles":["state/constants — juggler-cal-history Plan B"],"failureMessages":[],"fullName":"state/constants — juggler-cal-history Plan B isTerminalStatus(missed) === true","location":null,"status":"passed","title":"isTerminalStatus(missed) === true"},{"ancestorTitles":["state/constants — juggler-cal-history Plan B"],"failureMessages":[],"fullName":"state/constants — juggler-cal-history Plan B isTerminalStatus(archived) === true","location":null,"status":"passed","title":"isTerminalStatus(archived) === true"},{"ancestorTitles":["state/constants — juggler-cal-history Plan B"],"failureMessages":[],"fullName":"state/constants — juggler-cal-history Plan B isTerminalStatus(restored) === true","location":null,"status":"passed","title":"isTerminalStatus(restored) === true"},{"ancestorTitles":["state/constants — juggler-cal-history Plan B"],"failureMessages":[],"fullName":"state/constants — juggler-cal-history Plan B isTerminalStatus preserves existing terminal classifications","location":null,"status":"passed","title":"isTerminalStatus preserves existing terminal classifications"},{"ancestorTitles":["state/constants — juggler-cal-history Plan B"],"failureMessages":[],"fullName":"state/constants — juggler-cal-history Plan B isTerminalStatus returns false for non-terminal values","location":null,"status":"passed","title":"isTerminalStatus returns false for non-terminal values"},{"ancestorTitles":["state/constants — juggler-cal-history Plan B"],"failureMessages":[],"fullName":"state/constants — juggler-cal-history Plan B PAST_OPACITY exported as 0.60","location":null,"status":"passed","title":"PAST_OPACITY exported as 0.60"}],"endTime":1780202292855,"message":"","name":"/Users/david/Offline Coding/Raike & Sons /DEV/juggler/juggler-frontend/src/state/__tests__/constants.test.js","startTime":1780202292715,"status":"passed","summary":""},{"assertionResults":[{"ancestorTitles":[],"failureMessages":[],"fullName":"renders only all-day tasks for the given dateKey","location":null,"status":"passed","title":"renders only all-day tasks for the given dateKey"},{"ancestorTitles":[],"failureMessages":[],"fullName":"returns null when no all-day items for dateKey","location":null,"status":"passed","title":"returns null when no all-day items for dateKey"},{"ancestorTitles":[],"failureMessages":[],"fullName":"shows done glyph and line-through for done status","location":null,"status":"passed","title":"shows done glyph and line-through for done status"},{"ancestorTitles":[],"failureMessages":[],"fullName":"shows skip glyph for skip status","location":null,"status":"passed","title":"shows skip glyph for skip status"},{"ancestorTitles":[],"failureMessages":[],"fullName":"applies reduced opacity on past day done items when isPastDay=true","location":null,"status":"passed","title":"applies reduced opacity on past day done items when isPastDay=true"},{"ancestorTitles":[],"failureMessages":[],"fullName":"banner container has data-testid=all-day-banner","location":null,"status":"passed","title":"banner container has data-testid=all-day-banner"},{"ancestorTitles":[],"failureMessages":[],"fullName":"shows fixed pin indicator for placementMode=fixed all-day tasks","location":null,"status":"passed","title":"shows fixed pin indicator for placementMode=fixed all-day tasks"},{"ancestorTitles":[],"failureMessages":[],"fullName":"shows fixed pin indicator for placement_mode=fixed all-day tasks (snake_case)","location":null,"status":"passed","title":"shows fixed pin indicator for placement_mode=fixed all-day tasks (snake_case)"}],"endTime":1780202292913,"message":"","name":"/Users/david/Offline Coding/Raike & Sons /DEV/juggler/juggler-frontend/src/components/views/__tests__/allDayBanner.test.jsx","startTime":1780202292679,"status":"passed","summary":""},{"assertionResults":[{"ancestorTitles":[],"failureMessages":[],"fullName":"when=allday returns true","location":null,"status":"passed","title":"when=allday returns true"},{"ancestorTitles":[],"failureMessages":[],"fullName":"isAllDay=true returns true","location":null,"status":"passed","title":"isAllDay=true returns true"},{"ancestorTitles":[],"failureMessages":[],"fullName":"when=morning, isAllDay=false returns false","location":null,"status":"passed","title":"when=morning, isAllDay=false returns false"},{"ancestorTitles":[],"failureMessages":[],"fullName":"time=null, dur=0 returns false (DayView over-broad rule dropped)","location":null,"status":"passed","title":"time=null, dur=0 returns false (DayView over-broad rule dropped)"},{"ancestorTitles":[],"failureMessages":[],"fullName":"null task returns false (defensive)","location":null,"status":"passed","title":"null task returns false (defensive)"},{"ancestorTitles":[],"failureMessages":[],"fullName":"undefined task returns false (defensive)","location":null,"status":"passed","title":"undefined task returns false (defensive)"},{"ancestorTitles":[],"failureMessages":[],"fullName":"time=null, dur=null returns false (only canonical predicate)","location":null,"status":"passed","title":"time=null, dur=null returns false (only canonical predicate)"},{"ancestorTitles":[],"failureMessages":[],"fullName":"when=allday AND isAllDay=false still returns true","location":null,"status":"passed","title":"when=allday AND isAllDay=false still returns true"},{"ancestorTitles":[],"failureMessages":[],"fullName":"isAllDay=false alone returns false","location":null,"status":"passed","title":"isAllDay=false alone returns false"},{"ancestorTitles":[],"failureMessages":[],"fullName":"empty object returns false","location":null,"status":"passed","title":"empty object returns false"}],"endTime":1780202292968,"message":"","name":"/Users/david/Offline Coding/Raike & Sons /DEV/juggler/juggler-frontend/src/utils/__tests__/isAllDayTask.test.js","startTime":1780202292866,"status":"passed","summary":""},{"assertionResults":[{"ancestorTitles":["TC-W002: Fixed button active when placementMode=fixed, no calendar link"],"failureMessages":[],"fullName":"TC-W002: Fixed button active when placementMode=fixed, no calendar link Fixed button renders","location":null,"status":"passed","title":"Fixed button renders"},{"ancestorTitles":["TC-W002: Fixed button active when placementMode=fixed, no calendar link"],"failureMessages":[],"fullName":"TC-W002: Fixed button active when placementMode=fixed, no calendar link Fixed button is active (font-weight 600) when placementMode=fixed","location":null,"status":"passed","title":"Fixed button is active (font-weight 600) when placementMode=fixed"},{"ancestorTitles":["TC-W002: Fixed button active when placementMode=fixed, no calendar link"],"failureMessages":[],"fullName":"TC-W002: Fixed button active when placementMode=fixed, no calendar link Fixed button has aria-pressed=true when placementMode=fixed","location":null,"status":"passed","title":"Fixed button has aria-pressed=true when placementMode=fixed"},{"ancestorTitles":["TC-W002: Fixed button active when placementMode=fixed, no calendar link"],"failureMessages":[],"fullName":"TC-W002: Fixed button active when placementMode=fixed, no calendar link All other mode buttons have aria-pressed=false when placementMode=fixed","location":null,"status":"passed","title":"All other mode buttons have aria-pressed=false when placementMode=fixed"},{"ancestorTitles":["TC-W002: Fixed button active when placementMode=fixed, no calendar link"],"failureMessages":[],"fullName":"TC-W002: Fixed button active when placementMode=fixed, no calendar link Mode selector NOT locked (no pointerEvents:none) when no calendar link","location":null,"status":"passed","title":"Mode selector NOT locked (no pointerEvents:none) when no calendar link"},{"ancestorTitles":["TC-W002: Fixed button active when placementMode=fixed, no calendar link"],"failureMessages":[],"fullName":"TC-W002: Fixed button active when placementMode=fixed, no calendar link Mode selector group has correct role and aria-label","location":null,"status":"passed","title":"Mode selector group has correct role and aria-label"},{"ancestorTitles":["TC-W003: Fixed + calendar-managed → mode selector locked, calendar banner visible"],"failureMessages":[],"fullName":"TC-W003: Fixed + calendar-managed → mode selector locked, calendar banner visible shows Calendar-managed banner when gcalEventId is set","location":null,"status":"passed","title":"shows Calendar-managed banner when gcalEventId is set"},{"ancestorTitles":["TC-W003: Fixed + calendar-managed → mode selector locked, calendar banner visible"],"failureMessages":[],"fullName":"TC-W003: Fixed + calendar-managed → mode selector locked, calendar banner visible mode selector is locked via pointerEvents:none when calendar-managed","location":null,"status":"passed","title":"mode selector is locked via pointerEvents:none when calendar-managed"},{"ancestorTitles":["TC-W003: Fixed + calendar-managed → mode selector locked, calendar banner visible"],"failureMessages":[],"fullName":"TC-W003: Fixed + calendar-managed → mode selector locked, calendar banner visible mode buttons have tabIndex=-1 when calendar-managed","location":null,"status":"passed","title":"mode buttons have tabIndex=-1 when calendar-managed"},{"ancestorTitles":["TC-W004: Fixed + non-calendar-managed → all mode buttons interactive, no banner"],"failureMessages":[],"fullName":"TC-W004: Fixed + non-calendar-managed → all mode buttons interactive, no banner does NOT show Calendar-managed banner when no calendar link","location":null,"status":"passed","title":"does NOT show Calendar-managed banner when no calendar link"},{"ancestorTitles":["TC-W004: Fixed + non-calendar-managed → all mode buttons interactive, no banner"],"failureMessages":[],"fullName":"TC-W004: Fixed + non-calendar-managed → all mode buttons interactive, no banner mode buttons have tabIndex=0 (interactive) when no calendar link","location":null,"status":"passed","title":"mode buttons have tabIndex=0 (interactive) when no calendar link"},{"ancestorTitles":["TC-W004: Fixed + non-calendar-managed → all mode buttons interactive, no banner"],"failureMessages":[],"fullName":"TC-W004: Fixed + non-calendar-managed → all mode buttons interactive, no banner clicking a mode button fires onModeChange (not blocked) when no calendar link","location":null,"status":"passed","title":"clicking a mode button fires onModeChange (not blocked) when no calendar link"},{"ancestorTitles":["TC-W005: \"Date is pinned\" banner never renders (regression guard)"],"failureMessages":[],"fullName":"TC-W005: \"Date is pinned\" banner never renders (regression guard) no \"Date is pinned\" banner for: anytime, no datePinned","location":null,"status":"passed","title":"no \"Date is pinned\" banner for: anytime, no datePinned"},{"ancestorTitles":["TC-W005: \"Date is pinned\" banner never renders (regression guard)"],"failureMessages":[],"fullName":"TC-W005: \"Date is pinned\" banner never renders (regression guard) no \"Date is pinned\" banner for: fixed, no cal link","location":null,"status":"passed","title":"no \"Date is pinned\" banner for: fixed, no cal link"},{"ancestorTitles":["TC-W005: \"Date is pinned\" banner never renders (regression guard)"],"failureMessages":[],"fullName":"TC-W005: \"Date is pinned\" banner never renders (regression guard) no \"Date is pinned\" banner for: fixed, cal-managed","location":null,"status":"passed","title":"no \"Date is pinned\" banner for: fixed, cal-managed"},{"ancestorTitles":["TC-W005: \"Date is pinned\" banner never renders (regression guard)"],"failureMessages":[],"fullName":"TC-W005: \"Date is pinned\" banner never renders (regression guard) no \"Date is pinned\" banner for: fixed, datePinned=true","location":null,"status":"passed","title":"no \"Date is pinned\" banner for: fixed, datePinned=true"},{"ancestorTitles":["TC-W005: \"Date is pinned\" banner never renders (regression guard)"],"failureMessages":[],"fullName":"TC-W005: \"Date is pinned\" banner never renders (regression guard) no \"Date is pinned\" banner for: anytime, datePinned=true","location":null,"status":"passed","title":"no \"Date is pinned\" banner for: anytime, datePinned=true"},{"ancestorTitles":["TC-W005: \"Date is pinned\" banner never renders (regression guard)"],"failureMessages":[],"fullName":"TC-W005: \"Date is pinned\" banner never renders (regression guard) no \"Date is pinned\" banner for: time_window, datePinned=true","location":null,"status":"passed","title":"no \"Date is pinned\" banner for: time_window, datePinned=true"},{"ancestorTitles":["TC-W007: Recurring + fixed + no calendar link → shows \"not available\" message + 4 mode buttons"],"failureMessages":[],"fullName":"TC-W007: Recurring + fixed + no calendar link → shows \"not available\" message + 4 mode buttons shows \"not available\" message, not \"Calendar-managed\" banner","location":null,"status":"passed","title":"shows \"not available\" message, not \"Calendar-managed\" banner"},{"ancestorTitles":["TC-W007: Recurring + fixed + no calendar link → shows \"not available\" message + 4 mode buttons"],"failureMessages":[],"fullName":"TC-W007: Recurring + fixed + no calendar link → shows \"not available\" message + 4 mode buttons renders all four valid recurring mode buttons","location":null,"status":"passed","title":"renders all four valid recurring mode buttons"},{"ancestorTitles":["TC-W007: Recurring + fixed + no calendar link → shows \"not available\" message + 4 mode buttons"],"failureMessages":[],"fullName":"TC-W007: Recurring + fixed + no calendar link → shows \"not available\" message + 4 mode buttons none of the four mode buttons is aria-pressed=true","location":null,"status":"passed","title":"none of the four mode buttons is aria-pressed=true"},{"ancestorTitles":["TC-W007: Recurring + fixed + no calendar link → shows \"not available\" message + 4 mode buttons"],"failureMessages":[],"fullName":"TC-W007: Recurring + fixed + no calendar link → shows \"not available\" message + 4 mode buttons clicking Anytime fires onModeChange(\"anytime\")","location":null,"status":"passed","title":"clicking Anytime fires onModeChange(\"anytime\")"},{"ancestorTitles":["TC-W007: Recurring + fixed + no calendar link → shows \"not available\" message + 4 mode buttons"],"failureMessages":[],"fullName":"TC-W007: Recurring + fixed + no calendar link → shows \"not available\" message + 4 mode buttons with calendar link present → shows \"Calendar-managed\" banner, not \"not available\" message","location":null,"status":"passed","title":"with calendar link present → shows \"Calendar-managed\" banner, not \"not available\" message"},{"ancestorTitles":["TC-W006: Fixed mode with no date/time → Save blocked, validation message visible"],"failureMessages":[],"fullName":"TC-W006: Fixed mode with no date/time → Save blocked, validation message visible validation message appears when Save is clicked with fixed mode and no date","location":null,"status":"passed","title":"validation message appears when Save is clicked with fixed mode and no date"},{"ancestorTitles":["TC-W006: Fixed mode with no date/time → Save blocked, validation message visible"],"failureMessages":[],"fullName":"TC-W006: Fixed mode with no date/time → Save blocked, validation message visible onUpdate is NOT called when fixed mode has no date/time","location":null,"status":"passed","title":"onUpdate is NOT called when fixed mode has no date/time"},{"ancestorTitles":["TC-W006: Fixed mode with no date/time → Save blocked, validation message visible"],"failureMessages":[],"fullName":"TC-W006: Fixed mode with no date/time → Save blocked, validation message visible validation message does NOT appear when fixed mode has both date and time","location":null,"status":"passed","title":"validation message does NOT appear when fixed mode has both date and time"}],"endTime":1780202292987,"message":"","name":"/Users/david/Offline Coding/Raike & Sons /DEV/juggler/juggler-frontend/src/components/tasks/sections/__tests__/WhenSection.fixed.test.jsx","startTime":1780202290850,"status":"passed","summary":""},{"assertionResults":[{"ancestorTitles":[],"failureMessages":[],"fullName":"WeekView renders AllDayBanner for all-day task in its column","location":null,"status":"passed","title":"WeekView renders AllDayBanner for all-day task in its column"},{"ancestorTitles":[],"failureMessages":[],"fullName":"WeekView does NOT render all-day task inside CalendarGrid timed area","location":null,"status":"passed","title":"WeekView does NOT render all-day task inside CalendarGrid timed area"},{"ancestorTitles":[],"failureMessages":[],"fullName":"WeekView column shows no banner when day has no all-day tasks","location":null,"status":"passed","title":"WeekView column shows no banner when day has no all-day tasks"}],"endTime":1780202293023,"message":"","name":"/Users/david/Offline Coding/Raike & Sons /DEV/juggler/juggler-frontend/src/components/views/__tests__/weekViewAllDay.test.jsx","startTime":1780202292099,"status":"passed","summary":""},{"assertionResults":[{"ancestorTitles":[],"failureMessages":[],"fullName":"renders date field","location":null,"status":"passed","title":"renders date field"},{"ancestorTitles":[],"failureMessages":[],"fullName":"shows Recurrence sub-section collapsed by default","location":null,"status":"passed","title":"shows Recurrence sub-section collapsed by default"},{"ancestorTitles":[],"failureMessages":[],"fullName":"expands Recurrence sub-section when collapse.when_recurrence is true","location":null,"status":"passed","title":"expands Recurrence sub-section when collapse.when_recurrence is true"},{"ancestorTitles":[],"failureMessages":[],"fullName":"non-recurring task shows three-button mode selector (Anytime, Time window, Time blocks)","location":null,"status":"passed","title":"non-recurring task shows three-button mode selector (Anytime, Time window, Time blocks)"},{"ancestorTitles":[],"failureMessages":[],"fullName":"non-recurring task Anytime button is active when placementMode === anytime","location":null,"status":"passed","title":"non-recurring task Anytime button is active when placementMode === anytime"},{"ancestorTitles":[],"failureMessages":[],"fullName":"non-recurring task Time window button is active when placementMode === time_window","location":null,"status":"passed","title":"non-recurring task Time window button is active when placementMode === time_window"},{"ancestorTitles":[],"failureMessages":[],"fullName":"non-recurring task Time blocks button is active when placementMode === time_blocks","location":null,"status":"passed","title":"non-recurring task Time blocks button is active when placementMode === time_blocks"},{"ancestorTitles":[],"failureMessages":[],"fullName":"clicking Time window button calls onModeChange with time_window","location":null,"status":"passed","title":"clicking Time window button calls onModeChange with time_window"},{"ancestorTitles":[],"failureMessages":[],"fullName":"clicking Anytime button on non-recurring task calls onModeChange with anytime","location":null,"status":"passed","title":"clicking Anytime button on non-recurring task calls onModeChange with anytime"},{"ancestorTitles":[],"failureMessages":[],"fullName":"time input shown for non-recurring task when placementMode === time_window","location":null,"status":"passed","title":"time input shown for non-recurring task when placementMode === time_window"},{"ancestorTitles":[],"failureMessages":[],"fullName":"time input NOT shown for non-recurring task when placementMode === anytime","location":null,"status":"passed","title":"time input NOT shown for non-recurring task when placementMode === anytime"},{"ancestorTitles":[],"failureMessages":[],"fullName":"recurring task mode buttons call onModeChange","location":null,"status":"passed","title":"recurring task mode buttons call onModeChange"},{"ancestorTitles":[],"failureMessages":[],"fullName":"All Day button calls onModeChange with all_day","location":null,"status":"passed","title":"All Day button calls onModeChange with all_day"},{"ancestorTitles":[],"failureMessages":[],"fullName":"day picker label says \"Eligible days\" for weekly recurrence","location":null,"status":"passed","title":"day picker label says \"Eligible days\" for weekly recurrence"},{"ancestorTitles":[],"failureMessages":[],"fullName":"recurrence select has option \"Every 2 weeks\" not \"Biweekly\"","location":null,"status":"passed","title":"recurrence select has option \"Every 2 weeks\" not \"Biweekly\""},{"ancestorTitles":[],"failureMessages":[],"fullName":"shows \"All N days\" / \"Flexible quota\" toggle when selectedCount > 1 for weekly","location":null,"status":"passed","title":"shows \"All N days\" / \"Flexible quota\" toggle when selectedCount > 1 for weekly"},{"ancestorTitles":[],"failureMessages":[],"fullName":"\"All N days\" is active when recurTpc === selectedCount","location":null,"status":"passed","title":"\"All N days\" is active when recurTpc === selectedCount"},{"ancestorTitles":[],"failureMessages":[],"fullName":"\"Flexible quota\" is active when recurTpc < selectedCount","location":null,"status":"passed","title":"\"Flexible quota\" is active when recurTpc < selectedCount"},{"ancestorTitles":[],"failureMessages":[],"fullName":"clicking \"All N days\" calls onRecurTpcChange with selectedCount","location":null,"status":"passed","title":"clicking \"All N days\" calls onRecurTpcChange with selectedCount"},{"ancestorTitles":[],"failureMessages":[],"fullName":"clicking \"Flexible quota\" when tpc===selectedCount calls onRecurTpcChange with selectedCount-1","location":null,"status":"passed","title":"clicking \"Flexible quota\" when tpc===selectedCount calls onRecurTpcChange with selectedCount-1"},{"ancestorTitles":[],"failureMessages":[],"fullName":"tpc select not shown when \"All N days\" is active","location":null,"status":"passed","title":"tpc select not shown when \"All N days\" is active"},{"ancestorTitles":[],"failureMessages":[],"fullName":"tpc select IS shown when \"Flexible quota\" is active","location":null,"status":"passed","title":"tpc select IS shown when \"Flexible quota\" is active"},{"ancestorTitles":[],"failureMessages":[],"fullName":"clicking \"Flexible quota\" when already in flex-mode does not change recurTpc","location":null,"status":"passed","title":"clicking \"Flexible quota\" when already in flex-mode does not change recurTpc"},{"ancestorTitles":[],"failureMessages":[],"fullName":"recurrence select has \"Rolling (repeats after completion)\" option","location":null,"status":"passed","title":"recurrence select has \"Rolling (repeats after completion)\" option"},{"ancestorTitles":[],"failureMessages":[],"fullName":"rolling mode shows interval input","location":null,"status":"passed","title":"rolling mode shows interval input"},{"ancestorTitles":[],"failureMessages":[],"fullName":"rolling mode shows unit select with days/weeks/months options","location":null,"status":"passed","title":"rolling mode shows unit select with days/weeks/months options"},{"ancestorTitles":[],"failureMessages":[],"fullName":"rolling mode anchor card shows \"not yet set\" when rolling_anchor is null","location":null,"status":"passed","title":"rolling mode anchor card shows \"not yet set\" when rolling_anchor is null"},{"ancestorTitles":[],"failureMessages":[],"fullName":"rolling mode anchor card shows last completed and next due when rolling_anchor set","location":null,"status":"passed","title":"rolling mode anchor card shows last completed and next due when rolling_anchor set"},{"ancestorTitles":[],"failureMessages":[],"fullName":"rolling mode hides day picker","location":null,"status":"passed","title":"rolling mode hides day picker"},{"ancestorTitles":[],"failureMessages":[],"fullName":"rolling mode hides fill policy","location":null,"status":"passed","title":"rolling mode hides fill policy"},{"ancestorTitles":[],"failureMessages":[],"fullName":"shows Fixed button in the mode selector","location":null,"status":"passed","title":"shows Fixed button in the mode selector"},{"ancestorTitles":[],"failureMessages":[],"fullName":"Fixed button appears active when placementMode is fixed (non-cal-linked)","location":null,"status":"passed","title":"Fixed button appears active when placementMode is fixed (non-cal-linked)"},{"ancestorTitles":[],"failureMessages":[],"fullName":"clicking Fixed button calls onModeChange with fixed","location":null,"status":"passed","title":"clicking Fixed button calls onModeChange with fixed"},{"ancestorTitles":[],"failureMessages":[],"fullName":"Pin button no longer present in date row","location":null,"status":"passed","title":"Pin button no longer present in date row"},{"ancestorTitles":[],"failureMessages":[],"fullName":"Fixed/Float rigid toggle no longer present in time row","location":null,"status":"passed","title":"Fixed/Float rigid toggle no longer present in time row"},{"ancestorTitles":[],"failureMessages":[],"fullName":"no \"Date is pinned\" banner — datePinned UI has been removed","location":null,"status":"passed","title":"no \"Date is pinned\" banner — datePinned UI has been removed"},{"ancestorTitles":[],"failureMessages":[],"fullName":"shows calendar-managed lockout banner when placementMode is fixed and task is calendar-linked","location":null,"status":"passed","title":"shows calendar-managed lockout banner when placementMode is fixed and task is calendar-linked"},{"ancestorTitles":[],"failureMessages":[],"fullName":"no lockout banner when placementMode is fixed but task has no calendar link","location":null,"status":"passed","title":"no lockout banner when placementMode is fixed but task has no calendar link"},{"ancestorTitles":[],"failureMessages":[],"fullName":"shows Google Calendar source in calendar-managed banner","location":null,"status":"passed","title":"shows Google Calendar source in calendar-managed banner"},{"ancestorTitles":[],"failureMessages":[],"fullName":"shows Microsoft Calendar source in calendar-managed banner","location":null,"status":"passed","title":"shows Microsoft Calendar source in calendar-managed banner"},{"ancestorTitles":[],"failureMessages":[],"fullName":"shows Apple Calendar source in calendar-managed banner when no calendar name","location":null,"status":"passed","title":"shows Apple Calendar source in calendar-managed banner when no calendar name"},{"ancestorTitles":[],"failureMessages":[],"fullName":"shows Apple Calendar with calendar name when appleCalendarName provided","location":null,"status":"passed","title":"shows Apple Calendar with calendar name when appleCalendarName provided"},{"ancestorTitles":[],"failureMessages":[],"fullName":"apple calendar name ignored when appleEventId absent — gcal provider wins instead","location":null,"status":"passed","title":"apple calendar name ignored when appleEventId absent — gcal provider wins instead"},{"ancestorTitles":[],"failureMessages":[],"fullName":"gcal wins over msft when both event ids present","location":null,"status":"passed","title":"gcal wins over msft when both event ids present"},{"ancestorTitles":[],"failureMessages":[],"fullName":"empty-string gcalEventId means task is not calendar-managed — no lock banner","location":null,"status":"passed","title":"empty-string gcalEventId means task is not calendar-managed — no lock banner"},{"ancestorTitles":[],"failureMessages":[],"fullName":"no calendar-managed banner when placementMode=fixed but task has no event IDs","location":null,"status":"passed","title":"no calendar-managed banner when placementMode=fixed but task has no event IDs"},{"ancestorTitles":[],"failureMessages":[],"fullName":"does not show lockout banner when isFixed is false","location":null,"status":"passed","title":"does not show lockout banner when isFixed is false"}],"endTime":1780202293298,"message":"","name":"/Users/david/Offline Coding/Raike & Sons /DEV/juggler/juggler-frontend/src/components/tasks/sections/__tests__/WhenSection.test.jsx","startTime":1780202290851,"status":"passed","summary":""},{"assertionResults":[{"ancestorTitles":["WhenSection mode matrix","placementMode=anytime datePinned=true rigid=true recurring=true"],"failureMessages":[],"fullName":"WhenSection mode matrix placementMode=anytime datePinned=true rigid=true recurring=true renders without crashing","location":null,"status":"passed","title":"renders without crashing"},{"ancestorTitles":["WhenSection mode matrix","placementMode=anytime datePinned=true rigid=true recurring=true"],"failureMessages":[],"fullName":"WhenSection mode matrix placementMode=anytime datePinned=true rigid=true recurring=true mode selector buttons visibility is correct","location":null,"status":"passed","title":"mode selector buttons visibility is correct"},{"ancestorTitles":["WhenSection mode matrix","placementMode=anytime datePinned=true rigid=true recurring=true"],"failureMessages":[],"fullName":"WhenSection mode matrix placementMode=anytime datePinned=true rigid=true recurring=true isFixed derivation is correct","location":null,"status":"passed","title":"isFixed derivation is correct"},{"ancestorTitles":["WhenSection mode matrix","placementMode=anytime datePinned=true rigid=true recurring=true"],"failureMessages":[],"fullName":"WhenSection mode matrix placementMode=anytime datePinned=true rigid=true recurring=true no control is disabled without a visible indicator","location":null,"status":"passed","title":"no control is disabled without a visible indicator"},{"ancestorTitles":["WhenSection mode matrix","placementMode=anytime datePinned=true rigid=true recurring=true"],"failureMessages":[],"fullName":"WhenSection mode matrix placementMode=anytime datePinned=true rigid=true recurring=true All Day mode hides time inputs","location":null,"status":"passed","title":"All Day mode hides time inputs"},{"ancestorTitles":["WhenSection mode matrix","placementMode=anytime datePinned=true rigid=true recurring=false"],"failureMessages":[],"fullName":"WhenSection mode matrix placementMode=anytime datePinned=true rigid=true recurring=false renders without crashing","location":null,"status":"passed","title":"renders without crashing"},{"ancestorTitles":["WhenSection mode matrix","placementMode=anytime datePinned=true rigid=true recurring=false"],"failureMessages":[],"fullName":"WhenSection mode matrix placementMode=anytime datePinned=true rigid=true recurring=false mode selector buttons visibility is correct","location":null,"status":"passed","title":"mode selector buttons visibility is correct"},{"ancestorTitles":["WhenSection mode matrix","placementMode=anytime datePinned=true rigid=true recurring=false"],"failureMessages":[],"fullName":"WhenSection mode matrix placementMode=anytime datePinned=true rigid=true recurring=false isFixed derivation is correct","location":null,"status":"passed","title":"isFixed derivation is correct"},{"ancestorTitles":["WhenSection mode matrix","placementMode=anytime datePinned=true rigid=true recurring=false"],"failureMessages":[],"fullName":"WhenSection mode matrix placementMode=anytime datePinned=true rigid=true recurring=false no control is disabled without a visible indicator","location":null,"status":"passed","title":"no control is disabled without a visible indicator"},{"ancestorTitles":["WhenSection mode matrix","placementMode=anytime datePinned=true rigid=true recurring=false"],"failureMessages":[],"fullName":"WhenSection mode matrix placementMode=anytime datePinned=true rigid=true recurring=false All Day mode hides time inputs","location":null,"status":"passed","title":"All Day mode hides time inputs"},{"ancestorTitles":["WhenSection mode matrix","placementMode=anytime datePinned=true rigid=false recurring=true"],"failureMessages":[],"fullName":"WhenSection mode matrix placementMode=anytime datePinned=true rigid=false recurring=true renders without crashing","location":null,"status":"passed","title":"renders without crashing"},{"ancestorTitles":["WhenSection mode matrix","placementMode=anytime datePinned=true rigid=false recurring=true"],"failureMessages":[],"fullName":"WhenSection mode matrix placementMode=anytime datePinned=true rigid=false recurring=true mode selector buttons visibility is correct","location":null,"status":"passed","title":"mode selector buttons visibility is correct"},{"ancestorTitles":["WhenSection mode matrix","placementMode=anytime datePinned=true rigid=false recurring=true"],"failureMessages":[],"fullName":"WhenSection mode matrix placementMode=anytime datePinned=true rigid=false recurring=true isFixed derivation is correct","location":null,"status":"passed","title":"isFixed derivation is correct"},{"ancestorTitles":["WhenSection mode matrix","placementMode=anytime datePinned=true rigid=false recurring=true"],"failureMessages":[],"fullName":"WhenSection mode matrix placementMode=anytime datePinned=true rigid=false recurring=true no control is disabled without a visible indicator","location":null,"status":"passed","title":"no control is disabled without a visible indicator"},{"ancestorTitles":["WhenSection mode matrix","placementMode=anytime datePinned=true rigid=false recurring=true"],"failureMessages":[],"fullName":"WhenSection mode matrix placementMode=anytime datePinned=true rigid=false recurring=true All Day mode hides time inputs","location":null,"status":"passed","title":"All Day mode hides time inputs"},{"ancestorTitles":["WhenSection mode matrix","placementMode=anytime datePinned=true rigid=false recurring=false"],"failureMessages":[],"fullName":"WhenSection mode matrix placementMode=anytime datePinned=true rigid=false recurring=false renders without crashing","location":null,"status":"passed","title":"renders without crashing"},{"ancestorTitles":["WhenSection mode matrix","placementMode=anytime datePinned=true rigid=false recurring=false"],"failureMessages":[],"fullName":"WhenSection mode matrix placementMode=anytime datePinned=true rigid=false recurring=false mode selector buttons visibility is correct","location":null,"status":"passed","title":"mode selector buttons visibility is correct"},{"ancestorTitles":["WhenSection mode matrix","placementMode=anytime datePinned=true rigid=false recurring=false"],"failureMessages":[],"fullName":"WhenSection mode matrix placementMode=anytime datePinned=true rigid=false recurring=false isFixed derivation is correct","location":null,"status":"passed","title":"isFixed derivation is correct"},{"ancestorTitles":["WhenSection mode matrix","placementMode=anytime datePinned=true rigid=false recurring=false"],"failureMessages":[],"fullName":"WhenSection mode matrix placementMode=anytime datePinned=true rigid=false recurring=false no control is disabled without a visible indicator","location":null,"status":"passed","title":"no control is disabled without a visible indicator"},{"ancestorTitles":["WhenSection mode matrix","placementMode=anytime datePinned=true rigid=false recurring=false"],"failureMessages":[],"fullName":"WhenSection mode matrix placementMode=anytime datePinned=true rigid=false recurring=false All Day mode hides time inputs","location":null,"status":"passed","title":"All Day mode hides time inputs"},{"ancestorTitles":["WhenSection mode matrix","placementMode=anytime datePinned=false rigid=true recurring=true"],"failureMessages":[],"fullName":"WhenSection mode matrix placementMode=anytime datePinned=false rigid=true recurring=true renders without crashing","location":null,"status":"passed","title":"renders without crashing"},{"ancestorTitles":["WhenSection mode matrix","placementMode=anytime datePinned=false rigid=true recurring=true"],"failureMessages":[],"fullName":"WhenSection mode matrix placementMode=anytime datePinned=false rigid=true recurring=true mode selector buttons visibility is correct","location":null,"status":"passed","title":"mode selector buttons visibility is correct"},{"ancestorTitles":["WhenSection mode matrix","placementMode=anytime datePinned=false rigid=true recurring=true"],"failureMessages":[],"fullName":"WhenSection mode matrix placementMode=anytime datePinned=false rigid=true recurring=true isFixed derivation is correct","location":null,"status":"passed","title":"isFixed derivation is correct"},{"ancestorTitles":["WhenSection mode matrix","placementMode=anytime datePinned=false rigid=true recurring=true"],"failureMessages":[],"fullName":"WhenSection mode matrix placementMode=anytime datePinned=false rigid=true recurring=true no control is disabled without a visible indicator","location":null,"status":"passed","title":"no control is disabled without a visible indicator"},{"ancestorTitles":["WhenSection mode matrix","placementMode=anytime datePinned=false rigid=true recurring=true"],"failureMessages":[],"fullName":"WhenSection mode matrix placementMode=anytime datePinned=false rigid=true recurring=true All Day mode hides time inputs","location":null,"status":"passed","title":"All Day mode hides time inputs"},{"ancestorTitles":["WhenSection mode matrix","placementMode=anytime datePinned=false rigid=true recurring=false"],"failureMessages":[],"fullName":"WhenSection mode matrix placementMode=anytime datePinned=false rigid=true recurring=false renders without crashing","location":null,"status":"passed","title":"renders without crashing"},{"ancestorTitles":["WhenSection mode matrix","placementMode=anytime datePinned=false rigid=true recurring=false"],"failureMessages":[],"fullName":"WhenSection mode matrix placementMode=anytime datePinned=false rigid=true recurring=false mode selector buttons visibility is correct","location":null,"status":"passed","title":"mode selector buttons visibility is correct"},{"ancestorTitles":["WhenSection mode matrix","placementMode=anytime datePinned=false rigid=true recurring=false"],"failureMessages":[],"fullName":"WhenSection mode matrix placementMode=anytime datePinned=false rigid=true recurring=false isFixed derivation is correct","location":null,"status":"passed","title":"isFixed derivation is correct"},{"ancestorTitles":["WhenSection mode matrix","placementMode=anytime datePinned=false rigid=true recurring=false"],"failureMessages":[],"fullName":"WhenSection mode matrix placementMode=anytime datePinned=false rigid=true recurring=false no control is disabled without a visible indicator","location":null,"status":"passed","title":"no control is disabled without a visible indicator"},{"ancestorTitles":["WhenSection mode matrix","placementMode=anytime datePinned=false rigid=true recurring=false"],"failureMessages":[],"fullName":"WhenSection mode matrix placementMode=anytime datePinned=false rigid=true recurring=false All Day mode hides time inputs","location":null,"status":"passed","title":"All Day mode hides time inputs"},{"ancestorTitles":["WhenSection mode matrix","placementMode=anytime datePinned=false rigid=false recurring=true"],"failureMessages":[],"fullName":"WhenSection mode matrix placementMode=anytime datePinned=false rigid=false recurring=true renders without crashing","location":null,"status":"passed","title":"renders without crashing"},{"ancestorTitles":["WhenSection mode matrix","placementMode=anytime datePinned=false rigid=false recurring=true"],"failureMessages":[],"fullName":"WhenSection mode matrix placementMode=anytime datePinned=false rigid=false recurring=true mode selector buttons visibility is correct","location":null,"status":"passed","title":"mode selector buttons visibility is correct"},{"ancestorTitles":["WhenSection mode matrix","placementMode=anytime datePinned=false rigid=false recurring=true"],"failureMessages":[],"fullName":"WhenSection mode matrix placementMode=anytime datePinned=false rigid=false recurring=true isFixed derivation is correct","location":null,"status":"passed","title":"isFixed derivation is correct"},{"ancestorTitles":["WhenSection mode matrix","placementMode=anytime datePinned=false rigid=false recurring=true"],"failureMessages":[],"fullName":"WhenSection mode matrix placementMode=anytime datePinned=false rigid=false recurring=true no control is disabled without a visible indicator","location":null,"status":"passed","title":"no control is disabled without a visible indicator"},{"ancestorTitles":["WhenSection mode matrix","placementMode=anytime datePinned=false rigid=false recurring=true"],"failureMessages":[],"fullName":"WhenSection mode matrix placementMode=anytime datePinned=false rigid=false recurring=true All Day mode hides time inputs","location":null,"status":"passed","title":"All Day mode hides time inputs"},{"ancestorTitles":["WhenSection mode matrix","placementMode=anytime datePinned=false rigid=false recurring=false"],"failureMessages":[],"fullName":"WhenSection mode matrix placementMode=anytime datePinned=false rigid=false recurring=false renders without crashing","location":null,"status":"passed","title":"renders without crashing"},{"ancestorTitles":["WhenSection mode matrix","placementMode=anytime datePinned=false rigid=false recurring=false"],"failureMessages":[],"fullName":"WhenSection mode matrix placementMode=anytime datePinned=false rigid=false recurring=false mode selector buttons visibility is correct","location":null,"status":"passed","title":"mode selector buttons visibility is correct"},{"ancestorTitles":["WhenSection mode matrix","placementMode=anytime datePinned=false rigid=false recurring=false"],"failureMessages":[],"fullName":"WhenSection mode matrix placementMode=anytime datePinned=false rigid=false recurring=false isFixed derivation is correct","location":null,"status":"passed","title":"isFixed derivation is correct"},{"ancestorTitles":["WhenSection mode matrix","placementMode=anytime datePinned=false rigid=false recurring=false"],"failureMessages":[],"fullName":"WhenSection mode matrix placementMode=anytime datePinned=false rigid=false recurring=false no control is disabled without a visible indicator","location":null,"status":"passed","title":"no control is disabled without a visible indicator"},{"ancestorTitles":["WhenSection mode matrix","placementMode=anytime datePinned=false rigid=false recurring=false"],"failureMessages":[],"fullName":"WhenSection mode matrix placementMode=anytime datePinned=false rigid=false recurring=false All Day mode hides time inputs","location":null,"status":"passed","title":"All Day mode hides time inputs"},{"ancestorTitles":["WhenSection mode matrix","placementMode=time_window datePinned=true rigid=true recurring=true"],"failureMessages":[],"fullName":"WhenSection mode matrix placementMode=time_window datePinned=true rigid=true recurring=true renders without crashing","location":null,"status":"passed","title":"renders without crashing"},{"ancestorTitles":["WhenSection mode matrix","placementMode=time_window datePinned=true rigid=true recurring=true"],"failureMessages":[],"fullName":"WhenSection mode matrix placementMode=time_window datePinned=true rigid=true recurring=true mode selector buttons visibility is correct","location":null,"status":"passed","title":"mode selector buttons visibility is correct"},{"ancestorTitles":["WhenSection mode matrix","placementMode=time_window datePinned=true rigid=true recurring=true"],"failureMessages":[],"fullName":"WhenSection mode matrix placementMode=time_window datePinned=true rigid=true recurring=true isFixed derivation is correct","location":null,"status":"passed","title":"isFixed derivation is correct"},{"ancestorTitles":["WhenSection mode matrix","placementMode=time_window datePinned=true rigid=true recurring=true"],"failureMessages":[],"fullName":"WhenSection mode matrix placementMode=time_window datePinned=true rigid=true recurring=true no control is disabled without a visible indicator","location":null,"status":"passed","title":"no control is disabled without a visible indicator"},{"ancestorTitles":["WhenSection mode matrix","placementMode=time_window datePinned=true rigid=true recurring=true"],"failureMessages":[],"fullName":"WhenSection mode matrix placementMode=time_window datePinned=true rigid=true recurring=true All Day mode hides time inputs","location":null,"status":"passed","title":"All Day mode hides time inputs"},{"ancestorTitles":["WhenSection mode matrix","placementMode=time_window datePinned=true rigid=true recurring=false"],"failureMessages":[],"fullName":"WhenSection mode matrix placementMode=time_window datePinned=true rigid=true recurring=false renders without crashing","location":null,"status":"passed","title":"renders without crashing"},{"ancestorTitles":["WhenSection mode matrix","placementMode=time_window datePinned=true rigid=true recurring=false"],"failureMessages":[],"fullName":"WhenSection mode matrix placementMode=time_window datePinned=true rigid=true recurring=false mode selector buttons visibility is correct","location":null,"status":"passed","title":"mode selector buttons visibility is correct"},{"ancestorTitles":["WhenSection mode matrix","placementMode=time_window datePinned=true rigid=true recurring=false"],"failureMessages":[],"fullName":"WhenSection mode matrix placementMode=time_window datePinned=true rigid=true recurring=false isFixed derivation is correct","location":null,"status":"passed","title":"isFixed derivation is correct"},{"ancestorTitles":["WhenSection mode matrix","placementMode=time_window datePinned=true rigid=true recurring=false"],"failureMessages":[],"fullName":"WhenSection mode matrix placementMode=time_window datePinned=true rigid=true recurring=false no control is disabled without a visible indicator","location":null,"status":"passed","title":"no control is disabled without a visible indicator"},{"ancestorTitles":["WhenSection mode matrix","placementMode=time_window datePinned=true rigid=true recurring=false"],"failureMessages":[],"fullName":"WhenSection mode matrix placementMode=time_window datePinned=true rigid=true recurring=false All Day mode hides time inputs","location":null,"status":"passed","title":"All Day mode hides time inputs"},{"ancestorTitles":["WhenSection mode matrix","placementMode=time_window datePinned=true rigid=false recurring=true"],"failureMessages":[],"fullName":"WhenSection mode matrix placementMode=time_window datePinned=true rigid=false recurring=true renders without crashing","location":null,"status":"passed","title":"renders without crashing"},{"ancestorTitles":["WhenSection mode matrix","placementMode=time_window datePinned=true rigid=false recurring=true"],"failureMessages":[],"fullName":"WhenSection mode matrix placementMode=time_window datePinned=true rigid=false recurring=true mode selector buttons visibility is correct","location":null,"status":"passed","title":"mode selector buttons visibility is correct"},{"ancestorTitles":["WhenSection mode matrix","placementMode=time_window datePinned=true rigid=false recurring=true"],"failureMessages":[],"fullName":"WhenSection mode matrix placementMode=time_window datePinned=true rigid=false recurring=true isFixed derivation is correct","location":null,"status":"passed","title":"isFixed derivation is correct"},{"ancestorTitles":["WhenSection mode matrix","placementMode=time_window datePinned=true rigid=false recurring=true"],"failureMessages":[],"fullName":"WhenSection mode matrix placementMode=time_window datePinned=true rigid=false recurring=true no control is disabled without a visible indicator","location":null,"status":"passed","title":"no control is disabled without a visible indicator"},{"ancestorTitles":["WhenSection mode matrix","placementMode=time_window datePinned=true rigid=false recurring=true"],"failureMessages":[],"fullName":"WhenSection mode matrix placementMode=time_window datePinned=true rigid=false recurring=true All Day mode hides time inputs","location":null,"status":"passed","title":"All Day mode hides time inputs"},{"ancestorTitles":["WhenSection mode matrix","placementMode=time_window datePinned=true rigid=false recurring=false"],"failureMessages":[],"fullName":"WhenSection mode matrix placementMode=time_window datePinned=true rigid=false recurring=false renders without crashing","location":null,"status":"passed","title":"renders without crashing"},{"ancestorTitles":["WhenSection mode matrix","placementMode=time_window datePinned=true rigid=false recurring=false"],"failureMessages":[],"fullName":"WhenSection mode matrix placementMode=time_window datePinned=true rigid=false recurring=false mode selector buttons visibility is correct","location":null,"status":"passed","title":"mode selector buttons visibility is correct"},{"ancestorTitles":["WhenSection mode matrix","placementMode=time_window datePinned=true rigid=false recurring=false"],"failureMessages":[],"fullName":"WhenSection mode matrix placementMode=time_window datePinned=true rigid=false recurring=false isFixed derivation is correct","location":null,"status":"passed","title":"isFixed derivation is correct"},{"ancestorTitles":["WhenSection mode matrix","placementMode=time_window datePinned=true rigid=false recurring=false"],"failureMessages":[],"fullName":"WhenSection mode matrix placementMode=time_window datePinned=true rigid=false recurring=false no control is disabled without a visible indicator","location":null,"status":"passed","title":"no control is disabled without a visible indicator"},{"ancestorTitles":["WhenSection mode matrix","placementMode=time_window datePinned=true rigid=false recurring=false"],"failureMessages":[],"fullName":"WhenSection mode matrix placementMode=time_window datePinned=true rigid=false recurring=false All Day mode hides time inputs","location":null,"status":"passed","title":"All Day mode hides time inputs"},{"ancestorTitles":["WhenSection mode matrix","placementMode=time_window datePinned=false rigid=true recurring=true"],"failureMessages":[],"fullName":"WhenSection mode matrix placementMode=time_window datePinned=false rigid=true recurring=true renders without crashing","location":null,"status":"passed","title":"renders without crashing"},{"ancestorTitles":["WhenSection mode matrix","placementMode=time_window datePinned=false rigid=true recurring=true"],"failureMessages":[],"fullName":"WhenSection mode matrix placementMode=time_window datePinned=false rigid=true recurring=true mode selector buttons visibility is correct","location":null,"status":"passed","title":"mode selector buttons visibility is correct"},{"ancestorTitles":["WhenSection mode matrix","placementMode=time_window datePinned=false rigid=true recurring=true"],"failureMessages":[],"fullName":"WhenSection mode matrix placementMode=time_window datePinned=false rigid=true recurring=true isFixed derivation is correct","location":null,"status":"passed","title":"isFixed derivation is correct"},{"ancestorTitles":["WhenSection mode matrix","placementMode=time_window datePinned=false rigid=true recurring=true"],"failureMessages":[],"fullName":"WhenSection mode matrix placementMode=time_window datePinned=false rigid=true recurring=true no control is disabled without a visible indicator","location":null,"status":"passed","title":"no control is disabled without a visible indicator"},{"ancestorTitles":["WhenSection mode matrix","placementMode=time_window datePinned=false rigid=true recurring=true"],"failureMessages":[],"fullName":"WhenSection mode matrix placementMode=time_window datePinned=false rigid=true recurring=true All Day mode hides time inputs","location":null,"status":"passed","title":"All Day mode hides time inputs"},{"ancestorTitles":["WhenSection mode matrix","placementMode=time_window datePinned=false rigid=true recurring=false"],"failureMessages":[],"fullName":"WhenSection mode matrix placementMode=time_window datePinned=false rigid=true recurring=false renders without crashing","location":null,"status":"passed","title":"renders without crashing"},{"ancestorTitles":["WhenSection mode matrix","placementMode=time_window datePinned=false rigid=true recurring=false"],"failureMessages":[],"fullName":"WhenSection mode matrix placementMode=time_window datePinned=false rigid=true recurring=false mode selector buttons visibility is correct","location":null,"status":"passed","title":"mode selector buttons visibility is correct"},{"ancestorTitles":["WhenSection mode matrix","placementMode=time_window datePinned=false rigid=true recurring=false"],"failureMessages":[],"fullName":"WhenSection mode matrix placementMode=time_window datePinned=false rigid=true recurring=false isFixed derivation is correct","location":null,"status":"passed","title":"isFixed derivation is correct"},{"ancestorTitles":["WhenSection mode matrix","placementMode=time_window datePinned=false rigid=true recurring=false"],"failureMessages":[],"fullName":"WhenSection mode matrix placementMode=time_window datePinned=false rigid=true recurring=false no control is disabled without a visible indicator","location":null,"status":"passed","title":"no control is disabled without a visible indicator"},{"ancestorTitles":["WhenSection mode matrix","placementMode=time_window datePinned=false rigid=true recurring=false"],"failureMessages":[],"fullName":"WhenSection mode matrix placementMode=time_window datePinned=false rigid=true recurring=false All Day mode hides time inputs","location":null,"status":"passed","title":"All Day mode hides time inputs"},{"ancestorTitles":["WhenSection mode matrix","placementMode=time_window datePinned=false rigid=false recurring=true"],"failureMessages":[],"fullName":"WhenSection mode matrix placementMode=time_window datePinned=false rigid=false recurring=true renders without crashing","location":null,"status":"passed","title":"renders without crashing"},{"ancestorTitles":["WhenSection mode matrix","placementMode=time_window datePinned=false rigid=false recurring=true"],"failureMessages":[],"fullName":"WhenSection mode matrix placementMode=time_window datePinned=false rigid=false recurring=true mode selector buttons visibility is correct","location":null,"status":"passed","title":"mode selector buttons visibility is correct"},{"ancestorTitles":["WhenSection mode matrix","placementMode=time_window datePinned=false rigid=false recurring=true"],"failureMessages":[],"fullName":"WhenSection mode matrix placementMode=time_window datePinned=false rigid=false recurring=true isFixed derivation is correct","location":null,"status":"passed","title":"isFixed derivation is correct"},{"ancestorTitles":["WhenSection mode matrix","placementMode=time_window datePinned=false rigid=false recurring=true"],"failureMessages":[],"fullName":"WhenSection mode matrix placementMode=time_window datePinned=false rigid=false recurring=true no control is disabled without a visible indicator","location":null,"status":"passed","title":"no control is disabled without a visible indicator"},{"ancestorTitles":["WhenSection mode matrix","placementMode=time_window datePinned=false rigid=false recurring=true"],"failureMessages":[],"fullName":"WhenSection mode matrix placementMode=time_window datePinned=false rigid=false recurring=true All Day mode hides time inputs","location":null,"status":"passed","title":"All Day mode hides time inputs"},{"ancestorTitles":["WhenSection mode matrix","placementMode=time_window datePinned=false rigid=false recurring=false"],"failureMessages":[],"fullName":"WhenSection mode matrix placementMode=time_window datePinned=false rigid=false recurring=false renders without crashing","location":null,"status":"passed","title":"renders without crashing"},{"ancestorTitles":["WhenSection mode matrix","placementMode=time_window datePinned=false rigid=false recurring=false"],"failureMessages":[],"fullName":"WhenSection mode matrix placementMode=time_window datePinned=false rigid=false recurring=false mode selector buttons visibility is correct","location":null,"status":"passed","title":"mode selector buttons visibility is correct"},{"ancestorTitles":["WhenSection mode matrix","placementMode=time_window datePinned=false rigid=false recurring=false"],"failureMessages":[],"fullName":"WhenSection mode matrix placementMode=time_window datePinned=false rigid=false recurring=false isFixed derivation is correct","location":null,"status":"passed","title":"isFixed derivation is correct"},{"ancestorTitles":["WhenSection mode matrix","placementMode=time_window datePinned=false rigid=false recurring=false"],"failureMessages":[],"fullName":"WhenSection mode matrix placementMode=time_window datePinned=false rigid=false recurring=false no control is disabled without a visible indicator","location":null,"status":"passed","title":"no control is disabled without a visible indicator"},{"ancestorTitles":["WhenSection mode matrix","placementMode=time_window datePinned=false rigid=false recurring=false"],"failureMessages":[],"fullName":"WhenSection mode matrix placementMode=time_window datePinned=false rigid=false recurring=false All Day mode hides time inputs","location":null,"status":"passed","title":"All Day mode hides time inputs"},{"ancestorTitles":["WhenSection mode matrix","placementMode=time_blocks datePinned=true rigid=true recurring=true"],"failureMessages":[],"fullName":"WhenSection mode matrix placementMode=time_blocks datePinned=true rigid=true recurring=true renders without crashing","location":null,"status":"passed","title":"renders without crashing"},{"ancestorTitles":["WhenSection mode matrix","placementMode=time_blocks datePinned=true rigid=true recurring=true"],"failureMessages":[],"fullName":"WhenSection mode matrix placementMode=time_blocks datePinned=true rigid=true recurring=true mode selector buttons visibility is correct","location":null,"status":"passed","title":"mode selector buttons visibility is correct"},{"ancestorTitles":["WhenSection mode matrix","placementMode=time_blocks datePinned=true rigid=true recurring=true"],"failureMessages":[],"fullName":"WhenSection mode matrix placementMode=time_blocks datePinned=true rigid=true recurring=true isFixed derivation is correct","location":null,"status":"passed","title":"isFixed derivation is correct"},{"ancestorTitles":["WhenSection mode matrix","placementMode=time_blocks datePinned=true rigid=true recurring=true"],"failureMessages":[],"fullName":"WhenSection mode matrix placementMode=time_blocks datePinned=true rigid=true recurring=true no control is disabled without a visible indicator","location":null,"status":"passed","title":"no control is disabled without a visible indicator"},{"ancestorTitles":["WhenSection mode matrix","placementMode=time_blocks datePinned=true rigid=true recurring=true"],"failureMessages":[],"fullName":"WhenSection mode matrix placementMode=time_blocks datePinned=true rigid=true recurring=true All Day mode hides time inputs","location":null,"status":"passed","title":"All Day mode hides time inputs"},{"ancestorTitles":["WhenSection mode matrix","placementMode=time_blocks datePinned=true rigid=true recurring=false"],"failureMessages":[],"fullName":"WhenSection mode matrix placementMode=time_blocks datePinned=true rigid=true recurring=false renders without crashing","location":null,"status":"passed","title":"renders without crashing"},{"ancestorTitles":["WhenSection mode matrix","placementMode=time_blocks datePinned=true rigid=true recurring=false"],"failureMessages":[],"fullName":"WhenSection mode matrix placementMode=time_blocks datePinned=true rigid=true recurring=false mode selector buttons visibility is correct","location":null,"status":"passed","title":"mode selector buttons visibility is correct"},{"ancestorTitles":["WhenSection mode matrix","placementMode=time_blocks datePinned=true rigid=true recurring=false"],"failureMessages":[],"fullName":"WhenSection mode matrix placementMode=time_blocks datePinned=true rigid=true recurring=false isFixed derivation is correct","location":null,"status":"passed","title":"isFixed derivation is correct"},{"ancestorTitles":["WhenSection mode matrix","placementMode=time_blocks datePinned=true rigid=true recurring=false"],"failureMessages":[],"fullName":"WhenSection mode matrix placementMode=time_blocks datePinned=true rigid=true recurring=false no control is disabled without a visible indicator","location":null,"status":"passed","title":"no control is disabled without a visible indicator"},{"ancestorTitles":["WhenSection mode matrix","placementMode=time_blocks datePinned=true rigid=true recurring=false"],"failureMessages":[],"fullName":"WhenSection mode matrix placementMode=time_blocks datePinned=true rigid=true recurring=false All Day mode hides time inputs","location":null,"status":"passed","title":"All Day mode hides time inputs"},{"ancestorTitles":["WhenSection mode matrix","placementMode=time_blocks datePinned=true rigid=false recurring=true"],"failureMessages":[],"fullName":"WhenSection mode matrix placementMode=time_blocks datePinned=true rigid=false recurring=true renders without crashing","location":null,"status":"passed","title":"renders without crashing"},{"ancestorTitles":["WhenSection mode matrix","placementMode=time_blocks datePinned=true rigid=false recurring=true"],"failureMessages":[],"fullName":"WhenSection mode matrix placementMode=time_blocks datePinned=true rigid=false recurring=true mode selector buttons visibility is correct","location":null,"status":"passed","title":"mode selector buttons visibility is correct"},{"ancestorTitles":["WhenSection mode matrix","placementMode=time_blocks datePinned=true rigid=false recurring=true"],"failureMessages":[],"fullName":"WhenSection mode matrix placementMode=time_blocks datePinned=true rigid=false recurring=true isFixed derivation is correct","location":null,"status":"passed","title":"isFixed derivation is correct"},{"ancestorTitles":["WhenSection mode matrix","placementMode=time_blocks datePinned=true rigid=false recurring=true"],"failureMessages":[],"fullName":"WhenSection mode matrix placementMode=time_blocks datePinned=true rigid=false recurring=true no control is disabled without a visible indicator","location":null,"status":"passed","title":"no control is disabled without a visible indicator"},{"ancestorTitles":["WhenSection mode matrix","placementMode=time_blocks datePinned=true rigid=false recurring=true"],"failureMessages":[],"fullName":"WhenSection mode matrix placementMode=time_blocks datePinned=true rigid=false recurring=true All Day mode hides time inputs","location":null,"status":"passed","title":"All Day mode hides time inputs"},{"ancestorTitles":["WhenSection mode matrix","placementMode=time_blocks datePinned=true rigid=false recurring=false"],"failureMessages":[],"fullName":"WhenSection mode matrix placementMode=time_blocks datePinned=true rigid=false recurring=false renders without crashing","location":null,"status":"passed","title":"renders without crashing"},{"ancestorTitles":["WhenSection mode matrix","placementMode=time_blocks datePinned=true rigid=false recurring=false"],"failureMessages":[],"fullName":"WhenSection mode matrix placementMode=time_blocks datePinned=true rigid=false recurring=false mode selector buttons visibility is correct","location":null,"status":"passed","title":"mode selector buttons visibility is correct"},{"ancestorTitles":["WhenSection mode matrix","placementMode=time_blocks datePinned=true rigid=false recurring=false"],"failureMessages":[],"fullName":"WhenSection mode matrix placementMode=time_blocks datePinned=true rigid=false recurring=false isFixed derivation is correct","location":null,"status":"passed","title":"isFixed derivation is correct"},{"ancestorTitles":["WhenSection mode matrix","placementMode=time_blocks datePinned=true rigid=false recurring=false"],"failureMessages":[],"fullName":"WhenSection mode matrix placementMode=time_blocks datePinned=true rigid=false recurring=false no control is disabled without a visible indicator","location":null,"status":"passed","title":"no control is disabled without a visible indicator"},{"ancestorTitles":["WhenSection mode matrix","placementMode=time_blocks datePinned=true rigid=false recurring=false"],"failureMessages":[],"fullName":"WhenSection mode matrix placementMode=time_blocks datePinned=true rigid=false recurring=false All Day mode hides time inputs","location":null,"status":"passed","title":"All Day mode hides time inputs"},{"ancestorTitles":["WhenSection mode matrix","placementMode=time_blocks datePinned=false rigid=true recurring=true"],"failureMessages":[],"fullName":"WhenSection mode matrix placementMode=time_blocks datePinned=false rigid=true recurring=true renders without crashing","location":null,"status":"passed","title":"renders without crashing"},{"ancestorTitles":["WhenSection mode matrix","placementMode=time_blocks datePinned=false rigid=true recurring=true"],"failureMessages":[],"fullName":"WhenSection mode matrix placementMode=time_blocks datePinned=false rigid=true recurring=true mode selector buttons visibility is correct","location":null,"status":"passed","title":"mode selector buttons visibility is correct"},{"ancestorTitles":["WhenSection mode matrix","placementMode=time_blocks datePinned=false rigid=true recurring=true"],"failureMessages":[],"fullName":"WhenSection mode matrix placementMode=time_blocks datePinned=false rigid=true recurring=true isFixed derivation is correct","location":null,"status":"passed","title":"isFixed derivation is correct"},{"ancestorTitles":["WhenSection mode matrix","placementMode=time_blocks datePinned=false rigid=true recurring=true"],"failureMessages":[],"fullName":"WhenSection mode matrix placementMode=time_blocks datePinned=false rigid=true recurring=true no control is disabled without a visible indicator","location":null,"status":"passed","title":"no control is disabled without a visible indicator"},{"ancestorTitles":["WhenSection mode matrix","placementMode=time_blocks datePinned=false rigid=true recurring=true"],"failureMessages":[],"fullName":"WhenSection mode matrix placementMode=time_blocks datePinned=false rigid=true recurring=true All Day mode hides time inputs","location":null,"status":"passed","title":"All Day mode hides time inputs"},{"ancestorTitles":["WhenSection mode matrix","placementMode=time_blocks datePinned=false rigid=true recurring=false"],"failureMessages":[],"fullName":"WhenSection mode matrix placementMode=time_blocks datePinned=false rigid=true recurring=false renders without crashing","location":null,"status":"passed","title":"renders without crashing"},{"ancestorTitles":["WhenSection mode matrix","placementMode=time_blocks datePinned=false rigid=true recurring=false"],"failureMessages":[],"fullName":"WhenSection mode matrix placementMode=time_blocks datePinned=false rigid=true recurring=false mode selector buttons visibility is correct","location":null,"status":"passed","title":"mode selector buttons visibility is correct"},{"ancestorTitles":["WhenSection mode matrix","placementMode=time_blocks datePinned=false rigid=true recurring=false"],"failureMessages":[],"fullName":"WhenSection mode matrix placementMode=time_blocks datePinned=false rigid=true recurring=false isFixed derivation is correct","location":null,"status":"passed","title":"isFixed derivation is correct"},{"ancestorTitles":["WhenSection mode matrix","placementMode=time_blocks datePinned=false rigid=true recurring=false"],"failureMessages":[],"fullName":"WhenSection mode matrix placementMode=time_blocks datePinned=false rigid=true recurring=false no control is disabled without a visible indicator","location":null,"status":"passed","title":"no control is disabled without a visible indicator"},{"ancestorTitles":["WhenSection mode matrix","placementMode=time_blocks datePinned=false rigid=true recurring=false"],"failureMessages":[],"fullName":"WhenSection mode matrix placementMode=time_blocks datePinned=false rigid=true recurring=false All Day mode hides time inputs","location":null,"status":"passed","title":"All Day mode hides time inputs"},{"ancestorTitles":["WhenSection mode matrix","placementMode=time_blocks datePinned=false rigid=false recurring=true"],"failureMessages":[],"fullName":"WhenSection mode matrix placementMode=time_blocks datePinned=false rigid=false recurring=true renders without crashing","location":null,"status":"passed","title":"renders without crashing"},{"ancestorTitles":["WhenSection mode matrix","placementMode=time_blocks datePinned=false rigid=false recurring=true"],"failureMessages":[],"fullName":"WhenSection mode matrix placementMode=time_blocks datePinned=false rigid=false recurring=true mode selector buttons visibility is correct","location":null,"status":"passed","title":"mode selector buttons visibility is correct"},{"ancestorTitles":["WhenSection mode matrix","placementMode=time_blocks datePinned=false rigid=false recurring=true"],"failureMessages":[],"fullName":"WhenSection mode matrix placementMode=time_blocks datePinned=false rigid=false recurring=true isFixed derivation is correct","location":null,"status":"passed","title":"isFixed derivation is correct"},{"ancestorTitles":["WhenSection mode matrix","placementMode=time_blocks datePinned=false rigid=false recurring=true"],"failureMessages":[],"full
[...]
,"location":null,"status":"passed","title":"renders without crashing"},{"ancestorTitles":["WhenSection mode matrix","placementMode=all_day datePinned=true rigid=false recurring=false"],"failureMessages":[],"fullName":"WhenSection mode matrix placementMode=all_day datePinned=true rigid=false recurring=false mode selector buttons visibility is correct","location":null,"status":"passed","title":"mode selector buttons visibility is correct"},{"ancestorTitles":["WhenSection mode matrix","placementMode=all_day datePinned=true rigid=false recurring=false"],"failureMessages":[],"fullName":"WhenSection mode matrix placementMode=all_day datePinned=true rigid=false recurring=false isFixed derivation is correct","location":null,"status":"passed","title":"isFixed derivation is correct"},{"ancestorTitles":["WhenSection mode matrix","placementMode=all_day datePinned=true rigid=false recurring=false"],"failureMessages":[],"fullName":"WhenSection mode matrix placementMode=all_day datePinned=true rigid=false recurring=false no control is disabled without a visible indicator","location":null,"status":"passed","title":"no control is disabled without a visible indicator"},{"ancestorTitles":["WhenSection mode matrix","placementMode=all_day datePinned=true rigid=false recurring=false"],"failureMessages":[],"fullName":"WhenSection mode matrix placementMode=all_day datePinned=true rigid=false recurring=false All Day mode hides time inputs","location":null,"status":"passed","title":"All Day mode hides time inputs"},{"ancestorTitles":["WhenSection mode matrix","placementMode=all_day datePinned=false rigid=true recurring=true"],"failureMessages":[],"fullName":"WhenSection mode matrix placementMode=all_day datePinned=false rigid=true recurring=true renders without crashing","location":null,"status":"passed","title":"renders without crashing"},{"ancestorTitles":["WhenSection mode matrix","placementMode=all_day datePinned=false rigid=true recurring=true"],"failureMessages":[],"fullName":"WhenSection mode matrix placementMode=all_day datePinned=false rigid=true recurring=true mode selector buttons visibility is correct","location":null,"status":"passed","title":"mode selector buttons visibility is correct"},{"ancestorTitles":["WhenSection mode matrix","placementMode=all_day datePinned=false rigid=true recurring=true"],"failureMessages":[],"fullName":"WhenSection mode matrix placementMode=all_day datePinned=false rigid=true recurring=true isFixed derivation is correct","location":null,"status":"passed","title":"isFixed derivation is correct"},{"ancestorTitles":["WhenSection mode matrix","placementMode=all_day datePinned=false rigid=true recurring=true"],"failureMessages":[],"fullName":"WhenSection mode matrix placementMode=all_day datePinned=false rigid=true recurring=true no control is disabled without a visible indicator","location":null,"status":"passed","title":"no control is disabled without a visible indicator"},{"ancestorTitles":["WhenSection mode matrix","placementMode=all_day datePinned=false rigid=true recurring=true"],"failureMessages":[],"fullName":"WhenSection mode matrix placementMode=all_day datePinned=false rigid=true recurring=true All Day mode hides time inputs","location":null,"status":"passed","title":"All Day mode hides time inputs"},{"ancestorTitles":["WhenSection mode matrix","placementMode=all_day datePinned=false rigid=true recurring=false"],"failureMessages":[],"fullName":"WhenSection mode matrix placementMode=all_day datePinned=false rigid=true recurring=false renders without crashing","location":null,"status":"passed","title":"renders without crashing"},{"ancestorTitles":["WhenSection mode matrix","placementMode=all_day datePinned=false rigid=true recurring=false"],"failureMessages":[],"fullName":"WhenSection mode matrix placementMode=all_day datePinned=false rigid=true recurring=false mode selector buttons visibility is correct","location":null,"status":"passed","title":"mode selector buttons visibility is correct"},{"ancestorTitles":["WhenSection mode matrix","placementMode=all_day datePinned=false rigid=true recurring=false"],"failureMessages":[],"fullName":"WhenSection mode matrix placementMode=all_day datePinned=false rigid=true recurring=false isFixed derivation is correct","location":null,"status":"passed","title":"isFixed derivation is correct"},{"ancestorTitles":["WhenSection mode matrix","placementMode=all_day datePinned=false rigid=true recurring=false"],"failureMessages":[],"fullName":"WhenSection mode matrix placementMode=all_day datePinned=false rigid=true recurring=false no control is disabled without a visible indicator","location":null,"status":"passed","title":"no control is disabled without a visible indicator"},{"ancestorTitles":["WhenSection mode matrix","placementMode=all_day datePinned=false rigid=true recurring=false"],"failureMessages":[],"fullName":"WhenSection mode matrix placementMode=all_day datePinned=false rigid=true recurring=false All Day mode hides time inputs","location":null,"status":"passed","title":"All Day mode hides time inputs"},{"ancestorTitles":["WhenSection mode matrix","placementMode=all_day datePinned=false rigid=false recurring=true"],"failureMessages":[],"fullName":"WhenSection mode matrix placementMode=all_day datePinned=false rigid=false recurring=true renders without crashing","location":null,"status":"passed","title":"renders without crashing"},{"ancestorTitles":["WhenSection mode matrix","placementMode=all_day datePinned=false rigid=false recurring=true"],"failureMessages":[],"fullName":"WhenSection mode matrix placementMode=all_day datePinned=false rigid=false recurring=true mode selector buttons visibility is correct","location":null,"status":"passed","title":"mode selector buttons visibility is correct"},{"ancestorTitles":["WhenSection mode matrix","placementMode=all_day datePinned=false rigid=false recurring=true"],"failureMessages":[],"fullName":"WhenSection mode matrix placementMode=all_day datePinned=false rigid=false recurring=true isFixed derivation is correct","location":null,"status":"passed","title":"isFixed derivation is correct"},{"ancestorTitles":["WhenSection mode matrix","placementMode=all_day datePinned=false rigid=false recurring=true"],"failureMessages":[],"fullName":"WhenSection mode matrix placementMode=all_day datePinned=false rigid=false recurring=true no control is disabled without a visible indicator","location":null,"status":"passed","title":"no control is disabled without a visible indicator"},{"ancestorTitles":["WhenSection mode matrix","placementMode=all_day datePinned=false rigid=false recurring=true"],"failureMessages":[],"fullName":"WhenSection mode matrix placementMode=all_day datePinned=false rigid=false recurring=true All Day mode hides time inputs","location":null,"status":"passed","title":"All Day mode hides time inputs"},{"ancestorTitles":["WhenSection mode matrix","placementMode=all_day datePinned=false rigid=false recurring=false"],"failureMessages":[],"fullName":"WhenSection mode matrix placementMode=all_day datePinned=false rigid=false recurring=false renders without crashing","location":null,"status":"passed","title":"renders without crashing"},{"ancestorTitles":["WhenSection mode matrix","placementMode=all_day datePinned=false rigid=false recurring=false"],"failureMessages":[],"fullName":"WhenSection mode matrix placementMode=all_day datePinned=false rigid=false recurring=false mode selector buttons visibility is correct","location":null,"status":"passed","title":"mode selector buttons visibility is correct"},{"ancestorTitles":["WhenSection mode matrix","placementMode=all_day datePinned=false rigid=false recurring=false"],"failureMessages":[],"fullName":"WhenSection mode matrix placementMode=all_day datePinned=false rigid=false recurring=false isFixed derivation is correct","location":null,"status":"passed","title":"isFixed derivation is correct"},{"ancestorTitles":["WhenSection mode matrix","placementMode=all_day datePinned=false rigid=false recurring=false"],"failureMessages":[],"fullName":"WhenSection mode matrix placementMode=all_day datePinned=false rigid=false recurring=false no control is disabled without a visible indicator","location":null,"status":"passed","title":"no control is disabled without a visible indicator"},{"ancestorTitles":["WhenSection mode matrix","placementMode=all_day datePinned=false rigid=false recurring=false"],"failureMessages":[],"fullName":"WhenSection mode matrix placementMode=all_day datePinned=false rigid=false recurring=false All Day mode hides time inputs","location":null,"status":"passed","title":"All Day mode hides time inputs"},{"ancestorTitles":["WhenSection Fixed mode button"],"failureMessages":[],"fullName":"WhenSection Fixed mode button clicking Fixed mode button calls onModeChange with fixed","location":null,"status":"passed","title":"clicking Fixed mode button calls onModeChange with fixed"},{"ancestorTitles":["WhenSection Fixed mode button"],"failureMessages":[],"fullName":"WhenSection Fixed mode button Fixed mode button is active (font-weight 600) when placementMode is fixed and no cal link","location":null,"status":"passed","title":"Fixed mode button is active (font-weight 600) when placementMode is fixed and no cal link"},{"ancestorTitles":["WhenSection fixed mode specifics"],"failureMessages":[],"fullName":"WhenSection fixed mode specifics fixed mode dims mode selector and disables pointer events when calendar-managed","location":null,"status":"passed","title":"fixed mode dims mode selector and disables pointer events when calendar-managed"},{"ancestorTitles":["WhenSection fixed mode specifics"],"failureMessages":[],"fullName":"WhenSection fixed mode specifics fixed mode does NOT lock controls when task has no calendar link","location":null,"status":"passed","title":"fixed mode does NOT lock controls when task has no calendar link"},{"ancestorTitles":["WhenSection fixed mode specifics"],"failureMessages":[],"fullName":"WhenSection fixed mode specifics fixed mode without calendar link does not lock the mode selector","location":null,"status":"passed","title":"fixed mode without calendar link does not lock the mode selector"},{"ancestorTitles":["WhenSection all_day mode specifics"],"failureMessages":[],"fullName":"WhenSection all_day mode specifics all_day hides time input even when time prop is provided","location":null,"status":"passed","title":"all_day hides time input even when time prop is provided"},{"ancestorTitles":["WhenSection all_day mode specifics"],"failureMessages":[],"fullName":"WhenSection all_day mode specifics all_day mode shows date input","location":null,"status":"passed","title":"all_day mode shows date input"},{"ancestorTitles":["WhenSection deep interactions — no silent lockouts"],"failureMessages":[],"fullName":"WhenSection deep interactions — no silent lockouts clicking Anytime calls onModeChange with anytime","location":null,"status":"passed","title":"clicking Anytime calls onModeChange with anytime"},{"ancestorTitles":["WhenSection deep interactions — no silent lockouts"],"failureMessages":[],"fullName":"WhenSection deep interactions — no silent lockouts clicking Time window calls onModeChange with time_window","location":null,"status":"passed","title":"clicking Time window calls onModeChange with time_window"},{"ancestorTitles":["WhenSection deep interactions — no silent lockouts"],"failureMessages":[],"fullName":"WhenSection deep interactions — no silent lockouts clicking Time blocks calls onModeChange with time_blocks and prefills when","location":null,"status":"passed","title":"clicking Time blocks calls onModeChange with time_blocks and prefills when"},{"ancestorTitles":["WhenSection deep interactions — no silent lockouts"],"failureMessages":[],"fullName":"WhenSection deep interactions — no silent lockouts clicking All Day calls onModeChange with all_day and clears constraints","location":null,"status":"passed","title":"clicking All Day calls onModeChange with all_day and clears constraints"},{"ancestorTitles":["WhenSection deep interactions — no silent lockouts"],"failureMessages":[],"fullName":"WhenSection deep interactions — no silent lockouts recurring task All Day button calls onModeChange with all_day","location":null,"status":"passed","title":"recurring task All Day button calls onModeChange with all_day"},{"ancestorTitles":["WhenSection deep interactions — no silent lockouts"],"failureMessages":[],"fullName":"WhenSection deep interactions — no silent lockouts Time window mode shows time input and ± window select","location":null,"status":"passed","title":"Time window mode shows time input and ± window select"},{"ancestorTitles":["WhenSection deep interactions — no silent lockouts"],"failureMessages":[],"fullName":"WhenSection deep interactions — no silent lockouts Time blocks mode shows block tag buttons","location":null,"status":"passed","title":"Time blocks mode shows block tag buttons"},{"ancestorTitles":["WhenSection deep interactions — no silent lockouts"],"failureMessages":[],"fullName":"WhenSection deep interactions — no silent lockouts cal-managed fixed mode disables mode buttons via pointerEvents and tabIndex","location":null,"status":"passed","title":"cal-managed fixed mode disables mode buttons via pointerEvents and tabIndex"},{"ancestorTitles":["WhenSection deep interactions — no silent lockouts"],"failureMessages":[],"fullName":"WhenSection deep interactions — no silent lockouts cal-managed fixed + placementMode=fixed locks time-window sub-panel via pointerEvents","location":null,"status":"passed","title":"cal-managed fixed + placementMode=fixed locks time-window sub-panel via pointerEvents"},{"ancestorTitles":["WhenSection deep interactions — no silent lockouts"],"failureMessages":[],"fullName":"WhenSection deep interactions — no silent lockouts placementMode=fixed + calendar link disables mode buttons via pointerEvents and tabIndex","location":null,"status":"passed","title":"placementMode=fixed + calendar link disables mode buttons via pointerEvents and tabIndex"},{"ancestorTitles":["WhenSection deep interactions — no silent lockouts"],"failureMessages":[],"fullName":"WhenSection deep interactions — no silent lockouts isFixed=false sets tabIndex=0 on mode buttons","location":null,"status":"passed","title":"isFixed=false sets tabIndex=0 on mode buttons"},{"ancestorTitles":["WhenSection deep interactions — no silent lockouts"],"failureMessages":[],"fullName":"WhenSection deep interactions — no silent lockouts no \"Date is pinned\" banner — datePinned UI removed; only Calendar-managed banner remains","location":null,"status":"passed","title":"no \"Date is pinned\" banner — datePinned UI removed; only Calendar-managed banner remains"},{"ancestorTitles":["WhenSection deep interactions — no silent lockouts"],"failureMessages":[],"fullName":"WhenSection deep interactions — no silent lockouts shows correct banner text for fixed-mode lockout when calendar-managed","location":null,"status":"passed","title":"shows correct banner text for fixed-mode lockout when calendar-managed"},{"ancestorTitles":["WhenSection deep interactions — no silent lockouts"],"failureMessages":[],"fullName":"WhenSection deep interactions — no silent lockouts no banner shown when placementMode=fixed but no calendar link (post-unpin stale state)","location":null,"status":"passed","title":"no banner shown when placementMode=fixed but no calendar link (post-unpin stale state)"},{"ancestorTitles":["WhenSection deep interactions — no silent lockouts"],"failureMessages":[],"fullName":"WhenSection deep interactions — no silent lockouts no banner shown when isFixed is false","location":null,"status":"passed","title":"no banner shown when isFixed is false"},{"ancestorTitles":["WhenSection deep interactions — no silent lockouts"],"failureMessages":[],"fullName":"WhenSection deep interactions — no silent lockouts Day requirement picker is removed from DOM when isFixed (cal-managed fixed)","location":null,"status":"passed","title":"Day requirement picker is removed from DOM when isFixed (cal-managed fixed)"},{"ancestorTitles":["WhenSection deep interactions — no silent lockouts"],"failureMessages":[],"fullName":"WhenSection deep interactions — no silent lockouts Day requirement picker is visible when isFixed is false","location":null,"status":"passed","title":"Day requirement picker is visible when isFixed is false"},{"ancestorTitles":["WhenSection mode matrix — with calendar task"],"failureMessages":[],"fullName":"WhenSection mode matrix — with calendar task renders without crashing for placementMode=anytime with calendar link","location":null,"status":"passed","title":"renders without crashing for placementMode=anytime with calendar link"},{"ancestorTitles":["WhenSection mode matrix — with calendar task"],"failureMessages":[],"fullName":"WhenSection mode matrix — with calendar task isFixed derivation is correct for placementMode=anytime + calendar link","location":null,"status":"passed","title":"isFixed derivation is correct for placementMode=anytime + calendar link"},{"ancestorTitles":["WhenSection mode matrix — with calendar task"],"failureMessages":[],"fullName":"WhenSection mode matrix — with calendar task renders without crashing for placementMode=time_window with calendar link","location":null,"status":"passed","title":"renders without crashing for placementMode=time_window with calendar link"},{"ancestorTitles":["WhenSection mode matrix — with calendar task"],"failureMessages":[],"fullName":"WhenSection mode matrix — with calendar task isFixed derivation is correct for placementMode=time_window + calendar link","location":null,"status":"passed","title":"isFixed derivation is correct for placementMode=time_window + calendar link"},{"ancestorTitles":["WhenSection mode matrix — with calendar task"],"failureMessages":[],"fullName":"WhenSection mode matrix — with calendar task renders without crashing for placementMode=time_blocks with calendar link","location":null,"status":"passed","title":"renders without crashing for placementMode=time_blocks with calendar link"},{"ancestorTitles":["WhenSection mode matrix — with calendar task"],"failureMessages":[],"fullName":"WhenSection mode matrix — with calendar task isFixed derivation is correct for placementMode=time_blocks + calendar link","location":null,"status":"passed","title":"isFixed derivation is correct for placementMode=time_blocks + calendar link"},{"ancestorTitles":["WhenSection mode matrix — with calendar task"],"failureMessages":[],"fullName":"WhenSection mode matrix — with calendar task renders without crashing for placementMode=fixed with calendar link","location":null,"status":"passed","title":"renders without crashing for placementMode=fixed with calendar link"},{"ancestorTitles":["WhenSection mode matrix — with calendar task"],"failureMessages":[],"fullName":"WhenSection mode matrix — with calendar task isFixed derivation is correct for placementMode=fixed + calendar link","location":null,"status":"passed","title":"isFixed derivation is correct for placementMode=fixed + calendar link"},{"ancestorTitles":["WhenSection mode matrix — with calendar task"],"failureMessages":[],"fullName":"WhenSection mode matrix — with calendar task renders without crashing for placementMode=all_day with calendar link","location":null,"status":"passed","title":"renders without crashing for placementMode=all_day with calendar link"},{"ancestorTitles":["WhenSection mode matrix — with calendar task"],"failureMessages":[],"fullName":"WhenSection mode matrix — with calendar task isFixed derivation is correct for placementMode=all_day + calendar link","location":null,"status":"passed","title":"isFixed derivation is correct for placementMode=all_day + calendar link"}],"endTime":1780202294424,"message":"","name":"/Users/david/Offline Coding/Raike & Sons /DEV/juggler/juggler-frontend/src/components/tasks/sections/__tests__/WhenSection.modes.test.jsx","startTime":1780202290850,"status":"passed","summary":""}],"wasInterrupted":false}